172
2 28 496 
2 35 476 
2 93 470 
2 97 469 
2 190 465 
2 196 428 
2 197 418 
2 252 383 
2 286 374 
2 333 355 
2 369 343 
2 420 340 
2 423 335 
2 441 323 
2 12 316 
2 47 314 
2 326 313 
2 482 281 
2 33 275 
2 165 270 
2 300 262 
2 256 257 
2 454 238 
2 299 232 
2 306 228 
2 322 183 
2 279 169 
2 421 161 
2 330 135 
2 14 131 
2 21 130 
2 1 126 
2 315 118 
2 212 85 
2 86 77 
2 352 39 
2 17 4 
2 154 466 
2 334 440 
2 189 413 
2 7 398 
2 492 349 
2 358 321 
2 414 290 
2 72 243 
2 170 239 
2 301 220 
2 11 216 
2 484 179 
2 213 145 
2 73 133 
2 410 49 
2 462 30 
2 443 491 
2 158 487 
2 319 478 
2 337 404 
2 120 393 
2 495 386 
2 156 308 
2 141 296 
2 64 291 
2 182 211 
2 266 209 
2 108 206 
3 448 310 137 
3 475 376 125 
3 113 261 98 
3 434 371 88 
3 38 48 67 
3 111 166 62 
3 52 298 471 
3 221 234 416 
3 0 155 389 
3 486 350 354 
3 451 329 346 
3 264 210 344 
3 452 463 338 
3 311 419 318 
3 258 34 317 
3 60 181 303 
3 409 147 293 
3 292 473 253 
3 499 271 184 
3 439 360 178 
3 199 231 168 
3 277 61 143 
3 187 455 87 
3 175 208 57 
3 219 236 37 
3 249 288 489 
3 385 356 483 
3 367 387 456 
3 430 19 435 
3 193 320 406 
3 433 240 366 
3 324 396 248 
3 445 15 227 
3 498 273 223 
3 405 5 222 
3 20 24 127 
3 162 375 122 
3 201 384 82 
3 399 427 75 
3 447 351 58 
3 89 105 53 
3 242 55 43 
3 91 283 42 
3 467 497 9 
3 10 188 493 
3 263 403 481 
3 6 13 477 
3 268 336 458 
3 422 459 426 
3 18 99 382 
3 214 278 381 
3 192 230 342 
3 328 348 312 
3 388 392 309 
3 407 121 305 
3 149 180 297 
3 203 424 265 
3 442 444 241 
3 8 163 202 
3 276 364 173 
4 391 431 74 142 
4 438 225 457 485 
4 235 23 415 417 
4 65 400 368 408 
4 3 90 260 331 
4 474 294 176 215 
4 302 397 157 167 
4 437 31 134 140 
4 139 345 488 102 
4 449 71 479 480 
4 362 123 436 464 
4 472 353 380 402 
4 177 412 357 370 
4 429 117 287 327 
4 394 159 255 272 
4 218 267 246 250 
4 450 494 224 229 
4 101 195 194 205 
4 341 372 171 191 
4 432 26 146 150 
4 144 226 103 110 
4 254 378 94 96 
4 425 446 83 84 
4 70 92 63 68 
4 112 151 2 51 
4 233 332 116 136 
4 379 22 79 115 
4 29 244 25 41 
4 107 109 274 282 
4 304 66 80 185 
4 129 269 468 32 
4 16 40 124 164 
4 45 50 259 289 
4 76 361 56 69 
4 373 453 251 401 
4 461 160 27 59 
4 172 153 204 247 
4 200 207 490 81 
4 284 359 198 395 
4 363 365 285 460 
4 377 390 78 280 
4 100 119 411 44 
4 132 325 217 347 
4 295 95 104 186 
4 106 114 46 54 
4 128 138 339 36 
4 148 152 245 307 
