1628
2 5357 3551 
2 5121 350 
2 8148 9780 
2 6404 6712 
2 421 420 
2 5913 3130 
2 2589 9061 
2 6255 8795 
2 5583 4543 
2 9906 5112 
2 8785 2014 
2 3629 7144 
2 6584 7039 
2 7710 2971 
2 7529 7552 
2 1737 6906 
2 3987 1566 
2 5231 8362 
2 2094 7169 
2 9487 2258 
2 4386 2048 
2 5796 8916 
2 6735 6775 
2 8197 4265 
2 2584 8404 
2 1756 8225 
2 998 7446 
2 8754 4347 
2 2395 2273 
2 2861 9517 
2 6655 8218 
2 6312 6399 
2 59 7291 
2 7923 8492 
2 7569 6874 
2 7704 5004 
2 9612 4722 
2 7444 783 
2 6632 9467 
2 5515 8619 
2 8873 3378 
2 7262 3206 
2 8452 2989 
2 7796 8069 
2 2489 4603 
2 398 3460 
2 8407 3285 
2 5905 2609 
2 820 3800 
2 1729 3288 
2 6459 4264 
2 604 1577 
2 9004 9824 
2 1248 9738 
2 7549 2404 
2 8603 1387 
2 7064 6987 
2 8733 5291 
2 4848 2593 
2 5886 1842 
2 8189 1244 
2 9529 92 
2 9354 8971 
2 8437 8490 
2 4449 6795 
2 6839 2975 
2 9483 9918 
2 1524 6271 
2 4574 1300 
2 5744 6276 
2 9213 5762 
2 4318 1432 
2 6823 1363 
2 4100 701 
2 3904 9420 
2 5416 9093 
2 4233 5139 
2 7108 7641 
2 8479 7774 
2 3626 5385 
2 9620 5270 
2 1287 4748 
2 2545 3962 
2 9383 3720 
2 6476 2247 
2 4004 2217 
2 3697 722 
2 9131 8005 
2 1396 2684 
2 5427 8680 
2 973 1790 
2 4041 7469 
2 847 7810 
2 370 8538 
2 2061 8350 
2 3015 8169 
2 4863 7908 
2 1492 4459 
2 2155 1262 
2 4644 770 
2 7792 8575 
2 6668 6552 
2 9247 5000 
2 3135 2063 
2 9618 7189 
2 2222 5630 
2 44 4934 
2 7168 3959 
2 4631 3850 
2 2687 1367 
2 2752 8457 
2 5363 9494 
2 5570 7708 
2 2843 3277 
2 453 817 
2 7100 9581 
2 1561 8691 
2 8284 9441 
2 9765 1736 
2 8775 494 
2 2117 4017 
2 6640 1771 
2 461 6594 
2 2932 6116 
2 3505 551 
2 1423 9417 
2 4036 5165 
2 8287 4462 
2 8854 3230 
2 3715 6084 
2 1385 2618 
2 3295 4903 
2 8004 3282 
2 8591 1879 
2 2096 1651 
2 5616 4853 
2 6639 8993 
2 3273 8787 
2 5918 8120 
2 2345 5258 
2 3420 9454 
2 9813 1257 
2 5090 882 
2 674 5381 
2 4695 9300 
2 7936 2719 
2 1081 663 
2 1556 9067 
2 5251 8989 
2 2331 5116 
2 9959 4497 
2 6762 4207 
2 2598 3294 
2 1677 2223 
2 3825 8910 
2 4147 6469 
2 5592 6138 
2 2935 9481 
2 666 5312 
2 1114 9850 
2 6756 8800 
2 8119 3336 
2 5001 8046 
2 8384 7312 
2 8689 5759 
2 9818 5016 
2 5989 2943 
2 6196 2290 
2 4106 8249 
2 7525 8102 
2 1388 6267 
2 948 4889 
2 683 6867 
2 8320 2677 
2 864 1910 
2 3942 7226 
2 8911 6433 
2 5526 2287 
2 6613 944 
2 5083 857 
2 9128 7114 
2 4473 5414 
2 3149 8403 
2 9888 6736 
2 7819 5475 
2 4194 9953 
2 2968 8092 
2 7369 3252 
2 7515 8207 
2 5211 7790 
2 2459 7680 
2 132 3858 
2 5052 1072 
2 936 7054 
2 8585 3390 
2 962 2986 
2 8777 9725 
2 4670 5933 
2 2819 2341 
2 7577 1309 
2 7863 6898 
2 7368 5626 
2 2246 1573 
2 876 102 
2 8814 9428 
2 8240 8074 
2 3484 5243 
2 8837 4432 
2 2723 1280 
2 7939 1011 
2 7290 2655 
2 7950 1370 
2 9256 9460 
2 752 3652 
2 3457 375 
2 110 35 
2 7101 7082 
2 2196 4687 
2 371 3185 
2 7208 9567 
2 8991 3436 
2 4808 1739 
2 8392 6221 
2 3176 4276 
2 684 929 
2 5791 4921 
2 2728 4072 
2 8636 6327 
2 8641 246 
2 2212 3836 
2 281 205 
2 2499 6408 
2 5602 2465 
2 6240 6383 
2 2475 5119 
2 9267 6936 
2 63 4275 
2 7259 2151 
2 9614 2369 
2 9894 3955 
2 3656 2764 
2 4090 8520 
2 4916 2853 
2 9019 9923 
2 714 5319 
2 7945 9607 
2 5651 8825 
2 2064 1251 
2 7834 4241 
2 1101 1603 
2 1013 2005 
2 1491 3545 
2 3765 7338 
2 839 9169 
2 5048 8840 
2 3678 6696 
2 2548 5477 
2 3024 5062 
2 4405 4493 
2 6170 7589 
2 5945 9381 
2 7198 3550 
2 9965 7448 
2 1071 9353 
2 4961 8191 
2 1004 2904 
2 4685 2317 
2 3795 1420 
2 4579 3778 
2 1115 7650 
2 3302 3766 
2 1233 6722 
2 2124 3406 
2 7937 9388 
2 3272 3441 
2 7104 6325 
2 9295 3380 
2 9986 2991 
2 4702 7133 
2 8152 5590 
2 2070 9125 
2 1734 5620 
2 6677 1014 
2 2008 588 
2 2141 8514 
2 7927 6139 
2 5042 73 
2 5101 8914 
2 854 8192 
2 6782 2111 
2 384 320 
2 3647 155 
2 2115 9998 
2 5046 9308 
2 1214 2641 
2 6495 9287 
2 7135 8096 
2 2080 4601 
2 4430 655 
2 7201 1380 
2 443 1398 
2 1164 539 
2 49 3831 
2 1707 7021 
2 5773 6431 
2 7540 6418 
2 2558 7034 
2 336 6159 
2 5214 5629 
2 4957 2643 
2 4917 1500 
2 2922 9116 
2 7409 7452 
2 7896 2588 
2 1341 914 
2 8063 8050 
2 4788 3576 
2 5653 15 
2 8058 1360 
2 7825 8280 
2 8639 2413 
2 7202 1342 
2 9568 6980 
2 1830 7941 
2 9307 5186 
2 976 3461 
2 3499 932 
2 82 1719 
2 6381 5587 
2 4964 6475 
2 6702 563 
2 1146 4968 
2 4509 4576 
2 7961 1792 
2 3792 5999 
2 7313 4743 
2 3463 1247 
2 818 429 
2 4983 2581 
2 6176 440 
2 2274 8121 
2 5772 7450 
2 3047 7811 
2 6107 6991 
2 4886 6043 
2 5295 4114 
2 3607 1112 
2 7595 1828 
2 7757 8959 
2 2228 8666 
2 3096 6710 
2 8612 6360 
2 4135 5202 
2 9305 4536 
2 3940 8029 
2 4874 6103 
2 5713 1795 
2 2727 3535 
2 3896 8512 
2 1353 6878 
2 5982 5634 
2 3228 5440 
2 5310 1463 
2 636 4084 
2 1210 3603 
2 3309 99 
2 3566 4589 
2 2964 743 
2 7516 7182 
2 8338 6503 
2 6252 6236 
2 7305 5618 
2 4322 3081 
2 6168 9127 
2 8322 7705 
2 7543 5221 
2 8608 3377 
2 1851 2519 
2 4406 9704 
2 1988 7035 
2 1203 1641 
2 8485 7348 
2 71 3742 
2 8745 3384 
2 9866 2945 
2 6550 3197 
2 4240 4998 
2 9433 4541 
2 4925 4008 
2 3293 3387 
2 887 1493 
2 9129 5552 
2 4940 2455 
2 7136 2017 
2 6935 3571 
2 5625 3682 
2 7551 9740 
2 7145 9228 
2 1671 8054 
2 1955 5228 
2 4185 9898 
2 8116 1245 
2 1812 7323 
2 7 7113 
2 4131 4593 
2 3437 5857 
2 9527 8765 
2 47 7933 
2 5383 3533 
2 8851 2638 
2 9795 2507 
2 2456 1468 
2 1322 3931 
2 7326 9939 
2 5219 7597 
2 7579 1108 
2 3114 1938 
2 1450 6086 
2 594 9290 
2 8465 1776 
2 9552 9782 
2 4141 8587 
2 4167 6048 
2 4637 9395 
2 1713 8574 
2 7359 135 
2 9 4749 
2 1094 1748 
2 1742 3525 
2 2259 1343 
2 4235 9445 
2 3142 1274 
2 7231 1025 
2 5652 9992 
2 532 8226 
2 4655 6182 
2 3042 2640 
2 1934 1752 
2 9690 9967 
2 2686 4680 
2 9539 8217 
2 5006 3572 
2 7583 2871 
2 3686 116 
2 5494 8445 
2 2962 1123 
2 766 3751 
2 3844 1950 
2 5873 1757 
2 4561 3435 
2 4074 680 
2 4657 7029 
2 2481 6369 
2 7715 8678 
2 3072 6855 
2 7083 4418 
2 1895 3198 
2 4847 8300 
2 9525 4111 
2 9917 9796 
2 8553 1940 
2 727 524 
2 723 470 
2 4475 9537 
2 8736 3755 
2 6129 1457 
2 8803 2778 
2 4102 9132 
2 9263 6303 
2 1050 4686 
2 9532 52 
2 9235 5937 
2 2293 2132 
2 8250 9708 
2 4112 8416 
2 6957 6461 
2 2759 5403 
2 2736 5818 
2 7447 5069 
2 213 7575 
2 8387 5878 
2 8332 4580 
2 3357 3732 
2 7308 6295 
2 3519 9817 
2 4374 7738 
2 7088 5971 
2 1946 5394 
2 9946 713 
2 1591 7203 
2 7648 4310 
2 2982 8481 
2 9196 528 
2 954 2832 
2 62 1236 
2 7032 7379 
2 8375 6217 
2 5163 368 
2 3196 7396 
2 7196 4812 
2 3689 9477 
2 4320 1893 
2 4076 8649 
2 8010 8271 
3 1724 2726 5684 
3 1418 2045 3876 
3 5904 6178 9317 
3 6547 992 9947 
3 9063 859 9113 
3 7725 6611 5597 
3 6882 8767 4130 
3 2340 4619 2721 
3 2544 2342 266 
3 8193 2652 4759 
3 5777 1568 1662 
3 850 9106 8974 
3 4402 2060 569 
3 9119 5172 6251 
3 4490 9966 2286 
3 3337 3155 1104 
3 3170 9747 927 
3 3757 4638 6190 
3 6038 5729 4145 
3 4912 8626 9334 
3 586 1621 6658 
3 7494 4995 1185 
3 1433 5686 5486 
3 8644 6558 8255 
3 3648 6913 8024 
3 3672 2749 3152 
3 2642 3542 3100 
3 2085 8478 7376 
3 9576 1763 6200 
3 7451 6534 4180 
3 4550 3775 5555 
3 201 2828 9351 
3 774 7851 9480 
3 3781 7464 1310 
3 4139 7643 9147 
3 6567 8601 8041 
3 8397 9344 3815 
3 3257 7545 724 
3 120 9542 3829 
3 6571 3112 3245 
3 2323 2870 9012 
3 9302 7148 5092 
3 2795 8138 1772 
3 6537 3889 3459 
3 4244 4150 8428 
3 5931 5156 3642 
3 328 8997 2767 
3 9151 3593 2760 
3 3376 4058 7503 
3 8865 8187 5447 
3 9713 2308 6909 
3 676 2814 2845 
3 2628 2300 9916 
3 6134 9275 9980 
3 4390 8186 9412 
3 403 2036 9979 
3 7814 7079 6597 
3 7862 18 6523 
3 5366 1383 3116 
3 6927 9559 9949 
3 3475 4959 5826 
3 2213 2862 1901 
3 5081 6467 1448 
3 8233 7316 9808 
3 9528 9900 8188 
3 58 3708 7160 
3 3451 4044 4159 
3 3869 8506 4086 
3 8242 8267 7455 
3 7703 8849 3908 
3 3840 7673 3094 
3 7166 2123 3868 
3 7445 8259 1676 
3 5609 4480 8157 
3 8616 778 4864 
3 1711 3842 1241 
3 8079 8115 9112 
3 2267 6171 8953 
3 9243 5845 3287 
3 2305 6147 7107 
3 2313 1936 5560 
3 1839 3526 9878 
3 3583 9320 9040 
3 446 1160 9666 
3 9873 2160 9640 
3 8101 245 3393 
3 3126 2243 4349 
3 1136 9605 4039 
3 2023 333 7477 
3 5540 4837 7378 
3 11 1049 7358 
3 8430 5324 8764 
3 6359 654 9455 
3 1509 7726 6066 
3 8094 6123 3970 
3 3913 5096 3215 
3 1552 9374 989 
3 4284 7267 167 
3 7944 687 4199 
3 5136 9514 1033 
3 5359 7385 1408 
3 8167 2282 4755 
3 6050 8036 223 
3 8509 3950 4024 
3 3618 7953 1617 
3 6300 9784 4999 
3 2985 2944 6916 
3 8286 4551 4081 
3 7522 6777 4760 
3 7466 373 3056 
3 2920 6580 1017 
3 2674 5854 9396 
3 3632 1767 2637 
3 706 5209 6820 
3 3106 6842 7053 
3 4902 9921 3032 
3 3745 5600 8279 
3 1231 177 8467 
3 1427 7008 5984 
3 4498 1845 8048 
3 9856 2718 5650 
3 6989 3253 506 
3 3899 9340 4350 
3 2994 593 1844 
3 8026 9289 1428 
3 6060 2535 4015 
3 4690 8367 2753 
3 9722 7922 6970 
3 8346 8701 6004 
3 65 2817 4606 
3 463 5665 3957 
3 6481 6985 8782 
3 9942 7700 1169 
3 7756 2203 8887 
3 9283 9732 3826 
3 4516 3083 2366 
3 1359 5919 7456 
3 9111 3002 5033 
3 7050 7026 344 
3 4151 9691 8693 
3 8253 8348 3490 
3 1817 780 8892 
3 6313 8563 7244 
3 2941 8047 3699 
3 1096 5622 4181 
3 8721 4965 7317 
3 3229 6329 3960 
3 2364 7920 1769 
3 1357 4137 625 
3 2572 6638 9509 
3 2619 6582 4941 
3 7212 9649 4396 
3 8834 6316 4152 
3 1372 9778 5405 
3 1336 4951 4253 
3 1996 745 4872 
3 5962 6477 2145 
3 8839 522 779 
3 8697 2571 4342 
3 9252 709 9783 
3 7209 9779 3148 
3 717 9443 1455 
3 3356 6602 9940 
3 9366 251 4051 
3 4351 3485 9053 
3 2112 4582 6758 
3 9751 1085 3430 
3 2009 1861 3319 
3 103 565 6872 
3 8477 3443 6241 
3 1510 2647 8483 
3 2802 67 259 
3 3368 6363 7328 
3 5793 4352 8905 
3 9365 3089 1144 
3 9154 2351 9109 
3 9124 8811 2735 
3 8199 7119 4897 
3 6426 1340 1434 
3 6994 5909 2865 
3 9123 2905 5050 
3 5891 1787 1379 
3 7629 645 9310 
3 1976 6415 2644 
3 9806 3308 6422 
3 9325 257 2844 
3 5492 8614 5893 
3 3379 214 9541 
3 8751 2095 5735 
3 7981 3214 5976 
3 3062 4259 2491 
3 7489 332 495 
3 7671 6 8706 
3 4357 2536 5571 
3 1701 9546 2923 
3 2162 171 6793 
3 1344 9585 4364 
3 3496 7911 971 
3 4884 7330 3627 
3 4867 188 9442 
3 6666 5239 2869 
3 5236 8947 5654 
3 9363 4134 4799 
3 4293 6956 9279 
3 1202 4557 8622 
3 4477 9629 1325 
3 5544 7391 3388 
3 1001 8200 8949 
3 8923 6342 3711 
3 9930 1820 9809 
3 7934 877 7754 
3 5593 2957 5354 
3 8529 8501 125 
3 1717 9968 4590 
3 750 1740 3979 
3 1975 6297 2780 
3 9511 8003 1785 
3 5244 8835 4654 
3 2776 60 9997 
3 5149 1564 2302 
3 8779 6914 4125 
3 9974 4977 7784 
3 1351 5991 5390 
3 5330 8163 9191 
3 5518 5332 3404 
3 1800 1364 9422 
3 1883 924 3589 
3 9545 4222 5673 
3 8431 1505 7722 
3 7677 4711 4905 
3 8651 3730 9510 
3 4727 6188 4471 
3 296 7439 3151 
3 8658 5028 2069 
3 8990 5733 1456 
3 4415 8040 5374 
3 791 5970 4166 
3 4696 8915 1855 
3 7057 7210 1314 
3 9166 2575 9452 
3 7415 1522 6194 
3 5758 3120 36 
3 1249 2245 1089 
3 321 4331 7816 
3 3750 5683 6802 
3 4572 4717 4304 
3 7699 5808 2679 
3 7613 7344 9731 
3 9962 1965 3093 
3 1747 5074 6061 
3 5835 5529 5109 
3 9419 7824 5230 
3 7647 6616 1019 
3 2509 6042 8515 
3 7153 8168 7837 
3 3579 8449 5565 
3 5488 9550 3701 
3 2265 8056 3921 
3 5728 1743 9758 
3 4161 5131 2445 
3 1889 3655 4454 
3 6738 3845 1458 
3 9426 6144 6386 
3 7972 6419 8843 
3 2573 1061 7304 
3 1200 3473 8301 
3 8579 9569 3556 
3 7250 6273 8243 
3 1714 2952 6588 
3 9341 9271 1730 
3 8132 8418 6608 
3 902 1523 1926 
3 8625 96 9058 
3 2043 8866 6067 
3 264 9397 6877 
3 2089 767 8184 
3 9566 9853 6092 
3 6627 385 4745 
3 631 3834 981 
3 9626 9797 8627 
3 773 6742 8315 
3 797 6336 4673 
3 1673 8548 2078 
3 1178 1636 5930 
3 7524 301 6204 
3 8487 55 1067 
3 5155 6226 8943 
3 3167 197 9472 
3 4600 3830 339 
3 6410 3137 2815 
3 3087 8470 8427 
3 8659 4870 7070 
3 5553 1948 2670 
3 8702 407 8973 
3 3306 3223 6013 
3 2055 1508 9288 
3 6309 9572 518 
3 4367 8607 3359 
3 5864 7155 5344 
3 7567 2809 5143 
3 5720 9048 7701 
3 1810 278 9402 
3 7436 7748 3709 
3 2486 8183 4068 
3 4960 8671 9049 
3 4649 2612 2973 
3 4200 3905 6667 
3 6377 1476 4201 
3 4524 9250 718 
3 3978 1228 1048 
3 6192 1998 9897 
3 9718 5610 9831 
3 3673 4861 1913 
3 3271 5375 2714 
3 6028 9952 1255 
3 6384 730 747 
3 3791 283 8385 
3 6769 875 7630 
3 4043 8707 6207 
3 5308 3557 3779 
3 3870 4079 2667 
3 3001 9746 3713 
3 9689 2912 2458 
3 2000 3857 994 
3 3944 6058 9925 
3 6198 9871 276 
3 7253 1912 3190 
3 8172 5476 5704 
3 9265 432 4348 
3 9078 836 2984 
3 9507 3997 6322 
3 5170 6010 2276 
3 9843 915 702 
3 2353 6747 4303 
3 1429 8940 2938 
3 8204 5849 9827 
3 995 6981 8705 
3 3 6012 8033 
3 8297 3728 3160 
3 7118 1483 7609 
3 5207 85 7762 
3 3028 6146 7073 
3 1140 6578 1365 
3 7302 1853 3200 
3 7412 3278 1721 
3 1720 4179 7084 
3 7696 6662 4869 
3 5203 7880 7538 
3 8677 7103 5695 
3 6483 8683 4927 
3 1040 4607 2851 
3 3022 7095 6071 
3 3367 8442 7765 
3 1224 7319 7242 
3 4469 2927 6732 
3 513 7978 5871 
3 4706 3885 2037 
3 5803 1587 9518 
3 263 8670 897 
3 7443 464 5348 
3 4532 3508 7411 
3 8453 4527 4338 
3 6320 7296 454 
3 1378 8750 841 
3 4565 884 2965 
3 8692 1821 9064 
3 1526 6370 6091 
3 9755 1037 5679 
3 7759 2585 2090 
3 634 8964 8769 
3 9908 2937 7027 
3 8929 9695 4499 
3 7861 1117 3036 
3 7617 6110 3236 
3 2877 6757 2040 
3 4786 4307 6729 
3 8722 7618 5288 
3 3518 1073 1126 
3 8932 4474 3162 
3 1681 3362 3462 
3 3877 4439 3659 
3 9359 1154 2130 
3 3736 6498 4597 
3 1253 5174 1394 
3 4361 4871 721 
3 4617 7603 1215 
3 3375 3248 8544 
3 2488 1708 2187 
3 8524 6444 3103 
3 9599 5197 2675 
3 2627 5785 2031 
3 3561 1684 397 
3 3037 2939 7763 
3 8895 7870 5738 
3 520 4883 3946 
3 9464 3892 3071 
3 1152 1923 9753 
3 7536 4975 8723 
3 559 1571 2004 
3 5902 8874 109 
3 1542 9880 9707 
3 1484 4038 8285 
3 8956 5839 7193 
3 5278 137 2777 
3 7463 916 7619 
3 1833 8328 2158 
3 1116 7678 6954 
3 9769 7823 5737 
3 8466 4668 2524 
3 2798 9849 7976 
3 3544 6296 665 
3 6367 3511 330 
3 5462 5998 2053 
3 9197 4292 426 
3 1261 3853 5843 
3 5547 5705 5858 
3 6965 5823 1425 
3 5378 4946 4395 
3 5941 2185 5103 
3 3055 5341 3872 
3 8637 6656 2822 
3 1726 6231 1239 
3 1712 17 5372 
3 4521 7255 2654 
3 7238 172 2446 
3 2566 7178 1896 
3 5441 3107 843 
3 7041 6605 2613 
3 3050 970 2338 
3 2600 9961 707 
3 8931 9907 6515 
3 145 2368 5605 
3 8527 5503 5434 
3 7363 1570 1674 
3 6220 9425 3723 
3 1361 9984 8402 
3 6577 56 2032 
3 9014 2592 479 
3 3746 7130 7930 
3 4663 6715 7720 
3 1122 6938 4586 
3 10 5271 3974 
3 208 5250 2197 
3 6389 2716 387 
3 4604 760 4250 
3 7215 8516 497 
3 5548 297 4003 
3 738 529 4862 
3 1430 3969 4420 
3 174 5446 3999 
3 1827 688 3264 
3 3516 1234 8025 
3 8363 9168 6164 
3 9092 846 7428 
3 844 1601 6768 
3 6583 7558 1028 
3 525 8059 5846 
3 7740 9597 3456 
3 912 1197 3520 
3 1487 4731 5855 
3 6540 6856 1520 
3 5649 9214 3342 
3 6133 923 8234 
3 5563 9350 9476 
3 139 451 2791 
3 6205 8673 9170 
3 8714 6526 8378 
3 2165 9121 5780 
3 1765 5579 5572 
3 7149 6752 8664 
3 5151 6364 4378 
3 3134 3769 2893 
3 6266 2106 5761 
3 2007 5118 1232 
3 7624 7218 2914 
3 1589 8824 1680 
3 9741 2221 4460 
3 2407 8833 2015 
3 2649 7778 2992 
3 2766 9895 4831 
3 3104 6396 2894 
3 6451 7518 6895 
3 5325 7839 2606 
3 3540 9594 4849 
3 7499 8239 5248 
3 164 4627 2855 
3 926 5017 2542 
3 4491 2804 7325 
3 1963 9161 3180 
3 4230 4990 8580 
3 5013 9450 4302 
3 3258 3674 8937 
3 556 8081 7505 
3 2295 3932 1900 
3 2484 4093 5805 
3 117 1648 1069 
3 9246 5627 7572 
3 5948 7152 2099 
3 480 6052 861 
3 7318 9182 913 
3 6215 1010 5507 
3 211 8161 5334 
3 2879 5574 1486 
3 2127 5875 5204 
3 8247 5007 4908 
3 8198 8293 4730 
3 8650 7204 9598 
3 7346 6102 2387 
3 2848 9390 8125 
3 8044 597 9531 
3 642 5056 8484 
3 6721 9490 5500 
3 5879 5899 5071 
3 628 2309 3067 
3 9719 6680 9461 
3 3608 3691 7285 
3 7983 3828 7562 
3 7692 9135 6908 
3 6645 6149 6555 
3 9588 2590 1637 
3 8617 2555 3740 
3 656 8653 535 
3 7278 6623 8352 
3 900 3692 7582 
3 9580 3029 4067 
3 9414 87 1312 
3 2538 3276 3733 
3 3239 2811 4624 
3 1825 1943 488 
3 5513 7151 3143 
3 7954 1015 6863 
3 4859 4126 9653 
3 2872 7752 7867 
3 8606 289 8790 
3 8305 1876 8295 
3 178 8609 5114 
3 6157 8652 9056 
3 3480 1866 543 
3 2516 2836 4744 
4 3677 4555 3232 9389 
4 1735 9776 6165 2321 
4 3973 206 4021 286 
4 28 9286 3433 3770 
4 1856 5487 6001 6041 
4 9852 2125 2868 3604 
4 1159 6193 8088 8921 
4 6036 4522 9924 2350 
4 6731 2226 8589 5307 
4 4650 6256 7687 7974 
4 9471 1393 4815 2478 
4 3891 4671 6879 8674 
4 5815 7375 4401 8489 
4 1847 6685 7435 661 
4 5058 4170 4909 8802 
4 5824 6152 2440 9497 
4 1056 834 3725 969 
4 1620 4573 8884 2135 
4 2697 2999 7044 8621 
4 1632 8578 8630 7282 
4 6531 1311 5318 8216 
4 6703 590 3139 6238 
4 5559 3132 3182 1630 
4 931 1819 6032 2322 
4 1718 8134 8482 4383 
4 8258 3808 6211 9335 
4 7764 1994 7806 694 
4 9382 4933 9688 6397 
4 6206 3092 2027 3986 
4 4792 6350 4029 1242 
4 6984 1874 9202 442 
4 5981 9238 6449 6978 
4 7475 9499 548 1906 
4 2732 307 6786 9683 
4 9637 6111 7161 5567 
4 5061 1877 7874 5408 
4 4496 1464 9306 7437 
4 7542 3527 5502 8926 
4 124 7888 7199 9756 
4 1562 6741 1816 1921 
4 1129 7875 1991 8976 
4 9407 9276 4585 317 
4 8537 6053 6362 679 
4 8434 8468 7940 104 
4 1205 9675 1446 9077 
4 1642 3980 560 2263 
4 6443 151 3998 3010 
4 236 1260 4476 2414 
4 290 8907 4366 9790 
4 4997 7105 2497 7280 
4 4054 3895 2119 4836 
4 9799 4857 1560 5445 
4 4725 8684 1643 8262 
4 7413 142 5301 7601 
4 1888 4814 8414 2482 
4 6228 6306 1051 3421 
4 5094 7610 2034 6465 
4 7734 9714 852 1121 
4 9761 9748 2534 3351 
4 589 7219 4485 166 
4 1704 53 4472 6502 
4 9530 4055 647 4970 
4 2091 8342 3304 2625 
4 4692 2190 6626 1797 
4 4442 8967 8847 1098 
4 2428 2020 90 7769 
4 4611 9165 933 79 
4 9241 6651 5506 8071 
4 5371 2705 5645 5667 
4 7512 7884 3920 5326 
4 3573 5418 1417 8324 
4 8035 253 2880 8710 
4 9376 5235 5320 3726 
4 6155 4636 2394 2768 
4 7286 9730 7497 758 
4 7777 4865 2816 4295 
4 7361 9864 1125 2374 
4 9326 6932 8444 5031 
4 7662 5517 5459 7449 
4 735 5710 2755 4587 
4 3558 7993 3065 8869 
4 4592 1884 4162 5468 
4 540 2565 4118 9630 
4 4989 7659 7234 6813 
4 7090 4091 5089 3231 
4 362 648 7714 2547 
4 3297 6628 7366 6896 
4 3654 3924 4261 7191 
4 8032 1282 9103 2315 
4 4661 4703 6717 6883 
4 6676 3531 3548 4168 
4 898 9976 8394 8358 
4 4774 9602 4652 4385 
4 6976 1445 8917 3967 
4 9016 9523 8369 3661 
4 1595 1837 2496 1916 
4 4363 2887 6997 1914 
4 2854 6326 2995 8885 
4 1440 4875 7537 3631 
4 5044 7406 8178 1472 
4 7526 2765 9697 946 
4 6849 6733 2403 1875 
4 2490 3802 4626 4719 
4 4066 1023 2284 3183 
4 5035 7841 3166 5623 
4 6557 4187 8126 9071 
4 8423 6365 9760 1710 
4 4771 2241 599 2926 
4 7003 4381 879 2093 
4 8123 4904 547 8339 
4 7074 5671 1863 8386 
4 6827 2254 2738 6287 
4 7594 3912 4805 830 
4 4506 5794 9466 7519 
4 8176 6673 3113 6214 
4 2400 3839 4751 3706 
4 6366 5916 3886 1760 
4 3498 9896 2261 3989 
4 3945 7037 5987 6292 
4 3567 6380 7846 1397 
4 2806 5644 7468 7685 
4 4926 6289 7563 3900 
4 3553 4410 4049 9801 
4 4412 1467 474 3767 
4 6794 1723 7860 5226 
4 9922 4716 3601 4776 
4 2461 5020 4974 9034 
4 7733 9650 4073 4336 
4 358 4089 3609 9657 
4 534 8333 5932 2742 
4 4064 9368 3098 84 
4 3422 5389 6486 9938 
4 8432 5474 2041 5955 
4 6800 2320 8182 3592 
4 4656 4559 2256 8057 
4 1598 1533 2710 8920 
4 7374 9220 951 6424 
4 9453 4773 7947 490 
4 2081 5898 6568 4947 
4 5530 7432 9676 5716 
4 5355 2006 8317 8704 
4 1339 7914 8799 9915 
4 2783 622 692 351 
4 6988 8241 9739 3163 
4 7382 8861 6926 8460 
4 2457 1406 3982 1246 
4 1584 5336 2114 2616 
4 1422 689 6317 8531 
4 9988 6076 790 8448 
4 4879 6436 8841 9167 
4 8715 1471 5975 6437 
4 147 5205 8051 6335 
4 7821 7768 8488 9937 
4 6778 7683 3468 710 
4 7356 6857 5775 980 
4 8597 2398 9277 3140 
4 5457 4452 6464 5687 
4 9456 210 3650 5433 
4 1332 3906 4779 2487 
4 404 33 1657 5784 
4 489 146 5827 7188 
4 737 4011 7707 4785 
4 3718 8153 7354 6995 
4 3760 6490 501 6346 
4 4375 9848 580 3040 
4 8938 960 9268 5711 
4 3323 7943 4481 7747 
4 7530 3145 1894 1997 
4 2375 7785 584 6951 
4 8019 2874 4784 7904 
4 7419 1609 1272 100 
4 4495 2462 6861 751 
4 5489 9879 1204 4324 
4 5178 5551 5564 9373 
4 6361 9072 6657 4362 
4 4478 2907 2501 2576 
4 6528 7534 1419 113 
4 7310 8845 1175 7912 
4 6784 8648 4225 1784 
4 2401 7426 7482 4268 
4 7818 6514 9001 4210 
4 3704 9468 212 2113 
4 2381 8376 231 787 
4 5086 909 29 5707 
4 3882 2389 9654 5988 
4 5633 9361 5490 1600 
4 4766 8889 6299 3805 
4 1930 7592 7056 7598 
4 150 9684 1034 445 
4 3244 8823 9515 7767 
4 2260 8894 9110 8909 
4 1021 6340 3814 2434 
4 5869 9192 8656 2559 
4 8898 3617 7141 5154 
4 4720 8043 4190 2682 
4 9703 3582 6601 9845 
4 3559 8150 2189 7612 
4 7230 4639 7560 2438 
4 5467 198 2539 5656 
4 1529 9726 6047 9757 
4 5920 1922 4204 7506 
4 5380 7175 460 905 
4 3914 3595 7297 7012 
4 835 396 4824 5425 
4 4953 7249 8480 1659 
4 9631 9561 8476 9378 
4 5461 4907 7926 6333 
4 1512 3352 6394 7294 
4 5085 6202 8018 7331 
4 3966 9043 8341 9315 
4 2129 5865 7472 7205 
4 6208 5776 8072 3429 
4 9971 7966 7181 7004 
4 5901 3371 4772 664 
4 6016 8325 1390 1779 
4 8299 3153 6847 7952 
4 3985 9222 3005 46 
4 7956 9667 7277 813 
4 8679 6466 1697 4071 
4 39 4057 2639 9919 
4 8954 635 925 6349 
4 804 9122 5708 8149 
4 6585 7917 3013 4278 
4 6870 7013 2493 6893 
4 5856 5556 4061 8066 
4 3983 5522 5283 873 
4 7116 1952 5927 9956 
4 4823 5832 4803 4282 
4 4026 8425 9033 2441 
4 4467 3339 2494 6385 
4 9221 3136 5087 243 
4 1886 2191 4984 731 
4 359 6834 9133 334 
4 3129 8712 2429 2833 
4 8682 9429 5743 8690 
4 7010 1347 6140 354 
4 9802 3564 1791 1927 
4 5615 512 2830 8281 
4 1090 9828 6587 8042 
4 1507 3811 9163 4101 
4 3749 9143 1482 1746 
4 678 9183 8288 4431 
4 9091 7596 7006 7691 
4 7990 5255 416 2177 
4 711 2134 1362 2787 
4 3299 9062 7269 1193 
4 9606 7770 1715 2761 
4 7809 4202 853 6532 
4 5724 5047 8175 1759 
4 4887 9868 1449 6889 
4 7221 8238 5659 8060 
4 9549 3322 7126 8208 
4 5908 1822 3034 5541 
4 9734 5531 9358 2708 
4 8746 3188 8357 7355 
4 4704 6700 5647 4083 
4 8519 7220 1702 5392 
4 2167 7480 4765 6589 
4 4016 6649 3397 5525 
4 6705 2277 1823 5065 
4 3075 6574 6941 705 
4 45 9173 4800 3514 
4 300 849 1007 7836 
4 5756 7731 9874 1780 
4 7689 6243 9705 592 
4 2924 947 2867 8343 
4 7970 8276 2648 5484 
4 7454 1761 9242 755 
4 6184 4124 4448 8980 
4 6724 4640 2960 1293 
4 4465 5584 4382 5402 
4 3428 32 6115 8983 
4 5451 5896 8296 1798 
4 3011 8562 3764 5821 
4 2707 4208 5144 4878 
4 170 6160 3465 7173 
4 471 1382 7520 6575 
4 2148 5566 2615 4129 
4 1100 8632 2430 2896 
4 6873 6264 6376 732 
4 6811 149 4391 345 
4 8264 3020 6884 8349 
4 6421 8263 6439 5669 
4 2343 1256 9983 6911 
4 7964 7876 3569 685 
4 4949 3724 8718 9743 
4 8196 2278 8830 2737 
4 7186 8027 5520 6298 
4 6522 2672 9674 3317 
4 3991 1908 6816 7158 
4 6446 2024 1660 2958 
4 313 5166 7214 9231 
4 3641 611 1356 366 
4 4514 8752 5524 8743 
4 5939 3121 6489 7746 
4 5164 9752 6779 7935 
4 1047 1174 2073 6598 
4 8517 9891 2182 5438 
4 9573 5657 6218 8935 
4 9328 4708 1281 4778 
4 6903 6637 3305 3238 
4 6203 3694 3653 9857 
4 6681 2467 8687 8290 
4 9096 8908 4647 4615 
4 2198 6659 408 8518 
4 7984 9459 340 7324 
4 1199 6553 8260 9095 
4 6596 2495 4212 8798 
4 4215 6248 7955 3594 
4 5954 4992 9492 7195 
4 541 4659 9766 7470 
4 5277 3818 5911 8327 
4 4335 9978 624 2626 
4 9210 1569 3128 2250 
4 2337 0 7028 9672 
4 9996 6726 6624 941 
4 2367 5860 9841 5232 
4 1044 6942 8871 1629 
4 5240 5362 991 5435 
4 2875 8133 5411 126 
4 9299 7424 9405 4183 
4 9633 9583 9574 2339 
4 433 6648 6172 7869 
4 1157 7425 6943 8577 
4 7975 7386 4319 2071 
4 3681 8222 4528 3776 
4 3412 6017 9216 2849 
4 5721 5947 386 7776 
4 9987 6112 7676 1156 
4 6015 2983 9185 4023 
4 4511 8711 9587 3597 
4 562 6719 4223 9408 
4 5173 9068 1945 2209 
4 8801 5040 6716 1675 
4 1106 1593 4189 2788 
4 5536 6022 1240 8858 
4 5836 3226 5532 8999 
4 708 3127 807 1041 
4 1179 1411 8261 4569 
4 7384 825 3537 5337 
4 1381 3203 3168 6785 
4 5449 9038 5305 399 
4 1616 2062 2396 3507 
4 1181 7727 3613 7137 
4 7521 4340 5990 2156 
4 9836 1668 4213 8623 
4 5763 8210 50 1682 
4 3563 3517 1173 7284 
4 8143 9486 4838 9404 
4 7555 9721 4991 8846 
4 514 4790 5102 5314 
4 6478 8160 9141 7702 
4 8863 1840 7879 4296 
4 6246 2601 4033 1150 
4 2702 7509 6117 878 
4 3031 6713 2362 4332 
4 4286 204 7838 9791 
4 8031 8864 5335 7146 
4 4092 6351 8922 285 
4 5157 4052 4707 5452 
4 2437 2025 3000 5269 
4 2120 355 9909 952 
4 8667 8336 1392 2214 
4 1751 2296 7485 1666 
4 1768 3330 8809 4087 
4 2506 5496 1053 4881 
4 4206 8413 3014 4085 
4 7877 6051 8145 7723 
4 70 4801 1368 2940 
4 3105 2578 6728 282 
4 3894 1535 7998 8335 
4 4359 5198 3881 4178 
4 4228 5813 3524 2118 
4 8696 4456 3981 4368 
4 234 889 4045 3710 
4 6275 1409 7817 247 
4 9920 1400 233 9203 
4 6864 1843 2624 4397 
4 3235 7751 80 1722 
4 430 8810 6113 4346 
4 4419 7500 5039 5830 
4 4000 9935 4096 2183 
4 6960 3657 5880 2901 
4 4958 8828 3470 1375 
4 5730 9198 4560 2623 
4 9600 1321 7351 5841 
4 1012 4742 3184 8055 
4 7924 968 9579 945 
4 8139 3809 9665 353 
4 7633 6492 4182 5011 
4 8919 2762 2981 8140 
4 3004 9995 5076 7336 
4 8977 4188 6672 8939 
4 6280 5368 6538 5300 
4 955 3939 1030 8904 
4 8876 2954 9292 1786 
4 2159 4858 5455 9516 
4 8006 5872 7303 5662 
4 919 8202 6695 3599 
4 1062 240 1441 2784 
4 2329 9269 891 2139 
4 456 270 6665 8925 
4 4943 4796 9777 963 
4 500 530 9079 3538 
4 3972 7614 7750 585 
4 8215 6008 7644 9304 
4 2033 465 42 2092 
4 608 8401 7910 8896 
4 1640 3596 9439 4289 
4 7729 9768 9088 1291 
4 8454 620 8700 8724 
4 8089 136 699 3855 
4 7995 8137 7718 8583 
4 9446 9418 1498 5806 
4 431 3926 8818 3676 
4 3311 6576 4455 5130 
4 8822 5482 8030 2346 
4 9332 9028 2979 5497 
4 1750 6263 4817 4629 
4 978 2786 2820 9615 
4 5082 9201 8634 5249 
4 2746 9656 6355 8105 
4 97 5208 3069 4643 
4 9699 5606 7968 1264 
4 8447 6964 3702 5797 
4 2713 1980 2416 7422 
4 9187 2632 3175 5194 
4 7397 9431 6791 8106 
4 2977 2193 5638 851 
4 4301 5751 6688 8901 
4 1330 2949 2450 6974 
4 4104 5986 8888 2312 
4 673 4942 3952 2421 
4 6161 2772 7698 3605 
4 3590 7663 7865 3250 
4 4221 9538 4682 7604 
4 9767 372 3512 8699 
4 2604 5245 557 3964 
4 9519 1259 9177 1431 
4 1475 6698 3418 6759 
4 9716 439 3452 8856 
4 3956 6890 855 3345 
4 7407 7991 1229 4753 
4 9944 9413 7728 712 
4 1939 131 9052 3291 
4 6097 6844 6691 8091 
4 7800 7457 8111 3737 
4 7170 4534 4404 4510 
4 5191 2072 8266 6030 
4 4046 9584 6826 48 
4 1519 6137 1565 4542 
4 6761 1961 3606 5562 
4 6463 956 742 2528 
4 4798 6121 4900 5152 
4 6824 4238 8307 6413 
4 8252 183 6689 8588 
4 1036 2102 869 1962 
4 1796 2074 2360 8294 
4 24 3212 9118 9262 
4 8435 2595 1545 4809 
4 2694 2399 2449 4380 
4 7674 1649 176 1528 
4 7554 9855 6653 9639 
4 8326 6887 4146 564 
4 6197 9086 2292 6892 
4 3793 9009 3910 3976 
4 3280 1744 6977 5712 
4 2514 3060 5923 7402 
4 7895 4635 8982 5922 
4 4387 2661 9928 6089 
4 885 9398 4203 4281 
4 4783 3822 9184 4140 
4 7881 6565 98 8590 
4 3344 9083 1919 4729 
4 1694 5666 7440 9293 
4 2297 6003 7779 3687 
4 86 6450 5093 7615 
4 5732 5752 1692 5285 
4 6352 2207 1782 6642 
4 9075 4248 5478 6530 
4 8859 1546 75 8421 
4 1318 8180 2195 7495 
4 4400 6302 1604 4552 
4 1279 3543 6318 5795 
4 4595 458 484 6955 
4 37 8037 3372 9520 
4 4777 8383 3061 5431 
4 4502 3370 9503 8741 
4 6471 7586 5115 8852 
4 9094 1983 232 1024 
4 8568 4358 8510 3923 
4 1755 756 4539 6070 
4 457 6835 7023 9449 
4 7357 6809 4171 6789 
4 8766 8815 7128 9080 
4 487 2903 7798 2917 
4 7362 7724 9401 8112 
4 5994 4596 5393 6992 
4 7410 7461 9668 667 
4 2953 2891 8611 744 
4 9035 6311 7232 918 
4 7471 602 1092 5953 
4 5897 6963 7225 9911 
4 2881 2608 6080 9840 
4 9036 7320 8306 4075 
4 1371 2144 4316 1026 
4 3052 1538 6798 1384 
4 3951 7387 9936 4526 
4 5168 8093 1128 5022 
4 8900 8314 3510 5352 
4 4839 9215 377 2233 
4 7094 8486 5284 9435 
4 9047 6915 6609 3365 
4 8930 8353 9562 8146 
4 7206 4069 9504 824 
4 168 7812 4915 5637 
4 6925 9578 1670 4343 
4 40 6506 6372 1269 
4 5024 3364 890 310 
4 3141 2610 3851 874 
4 9564 4116 3575 5934 
4 4504 4399 1389 6011 
4 2149 4434 8308 8668 
4 2210 7602 5195 9440 
4 2596 3347 7997 324 
4 5628 335 4566 6573 
4 3789 9838 8433 7621 
4 3021 221 748 5519 
4 2859 1688 7213 9847 
4 6127 6353 9558 3207 
4 9820 9137 4105 9482 
4 4339 7889 1268 2599 
4 9659 3875 7775 3483 
4 3887 801 389 4945 
4 2741 4877 5110 5084 
4 2028 1678 9875 4186 
4 5066 462 2392 6455 
4 6959 5233 754 4007 
4 2956 7850 657 3919 
4 2892 3651 6173 552 
4 6232 9114 9652 5184 
4 392 2837 3996 5 
4 2785 6148 8496 2454 
4 6818 6332 8330 4665 
4 31 7557 7271 8082 
4 6448 7078 3937 6928 
4 725 6972 1304 1548 
4 2412 7632 3786 8076 
4 739 1536 2701 4563 
4 6328 3318 9619 7566 
4 8663 1161 5450 6603 
4 8737 2469 7256 3954 
4 9993 8438 3738 4866 
4 639 2059 9391 1834 
4 7694 2307 9430 8948 
4 7859 1426 6037 8459 
4 4291 3012 8946 129 
4 152 4549 2236 6910 
4 4982 5106 617 3630 
4 1453 842 2477 4612 
4 6175 8804 265 8471 
4 8426 2685 8070 985 
4 9015 8028 1334 8162 
4 4097 9540 7301 3874 
4 9709 6944 3303 3574 
4 1009 511 6891 122 
4 4488 4994 749 4683 
4 5181 840 2650 3410 
4 343 402 1481 3688 
4 2683 9651 8360 1354 
4 9223 802 1773 5078 
4 2101 2169 5561 8364 
4 9595 5558 4677 816 
4 5817 1778 5787 3938 
4 8022 4688 134 6235 
4 6229 5882 4242 5942 
4 393 7959 6564 1644 
4 7803 78 5264 5703 
4 4736 5125 7996 5034 
4 6699 6725 2408 7755 
4 1869 5128 2813 7157 
4 644 8643 6946 5025 
4 1043 502 5421 2354 
4 5959 5719 5126 9522 
4 9394 848 9889 2079 
841 8838 8838 
4 8827 8827 8827 8826 
2 8823 8823 
3 8822 8820 8820 
4 8818 8818 8809 8806 
2 8804 8799 
3 8796 8794 8789 
4 8784 8781 8780 8776 
2 8776 8776 
3 8775 8774 8772 
4 8770 8769 8767 8767 
2 8765 8765 
3 8765 8761 8760 
4 8758 8752 8750 8748 
2 8745 8744 
3 8742 8742 8739 
4 8739 8738 8734 8733 
2 8731 8730 
3 8730 8726 8722 
4 8718 8712 8709 8707 
2 8704 8702 
3 8701 8700 8699 
4 8698 8697 8696 8691 
2 8688 8683 
3 8682 8682 8680 
4 8680 8678 8678 8677 
2 8677 8674 
3 8673 8668 8667 
4 8666 8664 8657 8657 
2 8656 8655 
3 8655 8653 8652 
4 8650 8644 8643 8642 
2 8642 8641 
3 8639 8638 8634 
4 8632 8631 8630 8629 
2 8626 8622 
3 8622 8621 8617 
4 8615 8613 8613 8608 
2 8591 8586 
3 8585 8582 8581 
4 8581 8580 8578 8577 
2 8577 8573 
3 8568 8564 8561 
4 8559 8557 8555 8547 
2 8546 8545 
3 8543 8542 8542 
4 8541 8536 8536 8532 
2 8523 8522 
3 8520 8516 8514 
4 8511 8507 8504 8501 
2 8499 8498 
3 8494 8484 8484 
4 8480 8477 8470 8467 
2 8460 8458 
3 8457 8452 8448 
4 8445 8443 8434 8433 
2 8431 8430 
3 8425 8425 8424 
4 8423 8417 8414 8406 
2 8406 8403 
3 8402 8400 8400 
4 8398 8396 8395 8394 
2 8392 8390 
3 8388 8384 8382 
4 8373 8370 8367 8366 
2 8366 8359 
3 8358 8353 8353 
4 8345 8342 8339 8339 
2 8337 8336 
3 8335 8329 8324 
4 8324 8323 8322 8312 
2 8311 8310 
3 8309 8309 8308 
4 8303 8300 8300 8298 
2 8297 8297 
3 8294 8294 8291 
4 8284 8281 8280 8278 
2 8271 8270 
3 8270 8264 8259 
4 8253 8250 8250 8248 
2 8246 8245 
3 8245 8239 8239 
4 8238 8236 8235 8225 
2 8219 8213 
3 8208 8205 8204 
4 8202 8196 8195 8193 
2 8192 8191 
3 8188 8188 8185 
4 8180 8178 8177 8176 
2 8173 8173 
3 8171 8170 8166 
4 8163 8159 8154 8154 
2 8154 8153 
3 8153 8149 8146 
4 8144 8143 8142 8141 
2 8141 8140 
3 8140 8139 8137 
4 8135 8133 8127 8126 
2 8124 8121 
3 8116 8116 8112 
4 8111 8107 8106 8105 
2 8104 8102 
3 8102 8101 8095 
4 8093 8091 8086 8085 
2 8084 8083 
3 8082 8080 8080 
4 8077 8076 8074 8073 
2 8072 8064 
3 8063 8062 8059 
4 8059 8055 8046 8043 
2 8041 8041 
3 8041 8039 8039 
4 8036 8035 8035 8028 
2 8022 8019 
3 8017 8015 8015 
4 8015 8014 8012 8012 
2 8010 8005 
3 8002 8001 8001 
4 7999 7997 7996 7996 
2 7996 7995 
3 7995 7993 7992 
4 7992 7988 7986 7985 
2 7984 7981 
3 7981 7978 7977 
4 7976 7976 7972 7966 
2 7965 7962 
3 7959 7959 7957 
4 7953 7949 7946 7944 
2 7940 7938 
3 7937 7937 7935 
4 7934 7934 7934 7930 
2 7929 7927 
3 7925 7923 7923 
4 7923 7921 7917 7911 
2 7910 7909 
3 7906 7902 7900 
4 7900 7898 7898 7895 
2 7892 7892 
3 7887 7886 7876 
4 7863 7858 7853 7845 
2 7843 7842 
3 7839 7839 7838 
4 7835 7833 7833 7830 
2 7829 7829 
3 7818 7815 7813 
4 7812 7812 7810 7810 
2 7808 7805 
3 7803 7803 7800 
4 7799 7796 7792 7792 
2 7791 7791 
3 7781 7780 7780 
4 7774 7774 7773 7771 
2 7769 7763 
3 7760 7758 7756 
4 7754 7753 7752 7751 
2 7751 7750 
3 7749 7745 7736 
4 7735 7733 7731 7729 
2 7727 7724 
3 7722 7716 7715 
4 7712 7712 7710 7707 
2 7706 7704 
3 7703 7700 7698 
4 7695 7694 7692 7688 
2 7683 7681 
3 7678 7677 7677 
4 7677 7675 7673 7672 
2 7671 7670 
3 7669 7668 7667 
4 7667 7665 7665 7664 
2 7661 7656 
3 7653 7650 7650 
4 7646 7643 7643 7639 
2 7638 7637 
3 7637 7636 7632 
4 7631 7630 7630 7628 
2 7627 7626 
3 7625 7621 7620 
4 7614 7611 7610 7609 
2 7609 7606 
3 7604 7602 7599 
4 7597 7596 7593 7590 
2 7589 7587 
3 7587 7583 7580 
4 7580 7580 7579 7573 
2 7573 7569 
3 7569 7564 7564 
4 7562 7562 7558 7557 
2 7542 7533 
3 7531 7530 7527 
4 7525 7525 7518 7516 
2 7515 7507 
3 7505 7504 7498 
4 7497 7491 7489 7485 
2 7485 7484 
3 7483 7478 7476 
4 7475 7474 7473 7472 
2 7471 7468 
3 7468 7466 7461 
4 7461 7460 7460 7459 
2 7458 7451 
3 7448 7448 7447 
4 7443 7440 7439 7435 
2 7432 7430 
3 7427 7426 7423 
4 7423 7422 7420 7416 
2 7415 7414 
3 7409 7408 7408 
4 7406 7406 7406 7405 
2 7405 7404 
3 7399 7398 7392 
4 7391 7391 7389 7389 
2 7387 7386 
3 7382 7381 7380 
4 7379 7377 7376 7375 
2 7373 7372 
3 7371 7370 7364 
4 7361 7356 7355 7353 
2 7351 7349 
3 7346 7344 7333 
4 7332 7326 7325 7320 
2 7318 7316 
3 7313 7312 7311 
4 7308 7305 7305 7300 
2 7299 7299 
3 7296 7295 7294 
4 7290 7289 7285 7282 
2 7282 7281 
3 7274 7272 7269 
4 7267 7263 7259 7259 
2 7254 7252 
3 7249 7249 7248 
4 7244 7244 7236 7234 
2 7233 7233 
3 7232 7231 7231 
4 7230 7228 7226 7214 
2 7214 7213 
3 7212 7212 7211 
4 7210 7209 7205 7205 
2 7204 7203 
3 7202 7201 7198 
4 7196 7191 7189 7189 
2 7188 7180 
3 7175 7174 7173 
4 7173 7166 7164 7162 
2 7162 7161 
3 7155 7153 7152 
4 7150 7147 7147 7147 
2 7140 7137 
3 7136 7136 7135 
4 7134 7132 7129 7129 
2 7125 7125 
3 7125 7124 7123 
4 7123 7122 7119 7118 
2 7113 7108 
3 7105 7100 7096 
4 7096 7094 7088 7086 
2 7084 7084 
3 7082 7082 7082 
4 7079 7077 7076 7072 
2 7069 7068 
3 7064 7056 7055 
4 7053 7053 7053 7050 
2 7049 7048 
3 7047 7045 7044 
4 7043 7042 7038 7034 
2 7032 7031 
3 7027 7025 7024 
4 7023 7023 7018 7015 
2 7013 7004 
3 7003 7001 6998 
4 6996 6993 6992 6990 
2 6989 6988 
3 6988 6987 6986 
4 6985 6984 6983 6981 
2 6981 6981 
3 6980 6979 6978 
4 6976 6975 6973 6969 
2 6968 6968 
3 6965 6963 6960 
4 6960 6959 6956 6954 
2 6954 6954 
3 6953 6948 6944 
4 6943 6943 6942 6936 
2 6929 6927 
3 6926 6925 6923 
4 6922 6921 6918 6918 
2 6916 6912 
3 6910 6907 6907 
4 6906 6904 6890 6890 
2 6889 6889 
3 6888 6886 6885 
4 6882 6882 6881 6877 
2 6876 6874 
3 6873 6872 6865 
4 6865 6864 6861 6858 
2 6856 6849 
3 6842 6842 6840 
4 6840 6838 6834 6833 
2 6832 6832 
3 6827 6826 6825 
4 6825 6823 6821 6818 
2 6812 6812 
3 6811 6809 6804 
4 6803 6803 6802 6801 
2 6798 6795 
3 6795 6794 6790 
4 6790 6790 6781 6780 
2 6778 6775 
3 6775 6772 6762 
4 6760 6758 6757 6754 
2 6752 6751 
3 6748 6745 6740 
4 6740 6737 6736 6733 
2 6722 6720 
3 6718 6714 6713 
4 6712 6712 6711 6709 
2 6708 6706 
3 6703 6701 6698 
4 6696 6696 6696 6692 
2 6691 6691 
3 6688 6687 6685 
4 6684 6683 6679 6678 
2 6675 6670 
3 6668 6663 6663 
4 6662 6662 6662 6662 
2 6660 6660 
3 6660 6655 6655 
4 6654 6653 6651 6649 
2 6647 6646 
3 6644 6644 6642 
4 6640 6639 6637 6636 
2 6636 6633 
3 6631 6631 6629 
4 6629 6627 6626 6626 
2 6619 6619 
3 6612 6606 6603 
4 6601 6598 6597 6597 
2 6593 6592 
3 6590 6585 6584 
4 6578 6570 6569 6566 
2 6564 6562 
3 6561 6561 6559 
4 6556 6553 6550 6550 
2 6549 6547 
3 6542 6542 6540 
4 6540 6535 6535 6534 
2 6532 6531 
3 6531 6528 6524 
4 6523 6523 6517 6515 
2 6515 6513 
3 6512 6512 6510 
4 6509 6509 6506 6506 
2 6501 6497 
3 6490 6485 6480 
4 6478 6477 6469 6465 
2 6465 6462 
3 6461 6458 6455 
4 6455 6455 6454 6448 
2 6447 6445 
3 6443 6441 6439 
4 6437 6431 6430 6429 
2 6429 6428 
3 6428 6428 6426 
4 6424 6424 6420 6420 
2 6416 6415 
3 6410 6404 6402 
4 6402 6400 6397 6395 
2 6394 6392 
3 6391 6391 6386 
4 6383 6377 6374 6372 
2 6368 6366 
3 6362 6359 6359 
4 6358 6355 6354 6348 
2 6346 6346 
3 6345 6342 6341 
4 6340 6333 6330 6327 
2 6327 6325 
3 6324 6324 6323 
4 6323 6320 6318 6317 
2 6317 6316 
3 6315 6313 6313 
4 6312 6310 6309 6308 
2 6308 6307 
3 6306 6304 6304 
4 6303 6302 6300 6296 
2 6296 6295 
3 6293 6291 6288 
4 6283 6281 6280 6279 
2 6272 6267 
3 6265 6261 6255 
4 6254 6251 6251 6250 
2 6247 6243 
3 6243 6242 6239 
4 6236 6236 6236 6235 
2 6234 6234 
3 6233 6232 6225 
4 6225 6225 6224 6223 
2 6220 6219 
3 6217 6215 6214 
4 6208 6207 6205 6199 
2 6197 6196 
3 6194 6193 6188 
4 6185 6183 6182 6182 
2 6180 6179 
3 6176 6171 6168 
4 6161 6161 6161 6156 
2 6152 6144 
3 6138 6137 6132 
4 6131 6131 6128 6128 
2 6127 6125 
3 6123 6122 6122 
4 6121 6116 6115 6111 
2 6111 6110 
3 6106 6099 6098 
4 6096 6094 6094 6090 
2 6088 6084 
3 6084 6081 6081 
4 6081 6079 6076 6075 
2 6069 6064 
3 6061 6057 6056 
4 6056 6051 6047 6046 
2 6043 6041 
3 6040 6039 6038 
4 6036 6034 6028 6022 
2 6022 6022 
3 6016 6014 6014 
4 6012 6011 6009 6008 
2 6007 6003 
3 6003 6002 5999 
4 5996 5994 5993 5991 
2 5988 5986 
3 5985 5984 5984 
4 5981 5979 5977 5971 
2 5968 5963 
3 5963 5961 5957 
4 5956 5955 5955 5954 
2 5953 5952 
3 5949 5946 5945 
4 5941 5941 5939 5937 
2 5937 5934 
3 5934 5933 5928 
4 5928 5924 5923 5919 
2 5915 5914 
3 5914 5913 5910 
4 5909 5907 5905 5903 
2 5902 5898 
3 5896 5895 5894 
4 5892 5890 5888 5880 
2 5880 5878 
3 5878 5877 5874 
4 5874 5866 5864 5859 
2 5859 5858 
3 5855 5851 5850 
4 5849 5847 5844 5843 
2 5837 5837 
3 5835 5833 5831 
4 5830 5827 5827 5827 
2 5825 5824 
3 5824 5824 5820 
4 5815 5815 5815 5812 
2 5811 5810 
3 5808 5808 5806 
4 5805 5804 5801 5799 
2 5799 5798 
3 5797 5796 5795 
4 5795 5794 5791 5787 
2 5787 5786 
3 5782 5780 5777 
4 5775 5772 5772 5770 
2 5768 5767 
3 5766 5764 5760 
4 5758 5758 5756 5754 
2 5750 5750 
3 5747 5746 5745 
4 5743 5739 5736 5733 
2 5730 5730 
3 5725 5723 5723 
4 5721 5721 5718 5717 
2 5711 5709 
3 5703 5703 5703 
4 5701 5699 5697 5693 
2 5689 5688 
3 5685 5684 5682 
4 5679 5676 5676 5676 
2 5676 5674 
3 5674 5674 5666 
4 5666 5662 5660 5658 
2 5658 5654 
3 5654 5654 5652 
4 5651 5649 5644 5642 
2 5639 5639 
3 5639 5637 5636 
4 5636 5634 5633 5631 
2 5630 5629 
3 5629 5627 5627 
4 5626 5622 5622 5620 
2 5619 5617 
3 5613 5613 5609 
4 5607 5606 5604 5601 
2 5588 5588 
3 5584 5583 5582 
4 5575 5569 5567 5567 
2 5567 5566 
3 5566 5562 5561 
4 5559 5558 5555 5554 
2 5554 5551 
3 5547 5546 5546 
4 5544 5542 5540 5539 
2 5539 5538 
3 5538 5536 5536 
4 5535 5533 5530 5529 
2 5529 5520 
3 5516 5514 5513 
4 5512 5509 5508 5508 
2 5508 5504 
3 5503 5503 5499 
4 5496 5496 5496 5492 
2 5490 5489 
3 5489 5488 5487 
4 5486 5485 5484 5473 
2 5471 5470 
3 5468 5462 5461 
4 5453 5450 5448 5448 
2 5447 5445 
3 5444 5443 5441 
4 5441 5436 5434 5431 
2 5428 5428 
3 5428 5425 5418 
4 5417 5414 5414 5414 
2 5412 5412 
3 5410 5406 5404 
4 5403 5400 5395 5393 
2 5393 5386 
3 5382 5380 5374 
4 5374 5373 5373 5373 
2 5372 5372 
3 5372 5371 5367 
4 5365 5362 5361 5356 
2 5355 5352 
3 5350 5350 5349 
4 5348 5348 5344 5339 
2 5338 5336 
3 5336 5335 5334 
4 5333 5332 5327 5326 
2 5322 5322 
3 5321 5320 5317 
4 5311 5308 5306 5306 
2 5306 5306 
3 5305 5305 5305 
4 5305 5301 5301 5301 
2 5299 5298 
3 5291 5291 5289 
4 5288 5287 5287 5286 
2 5286 5286 
3 5284 5280 5279 
4 5273 5272 5269 5269 
2 5269 5268 
3 5268 5266 5265 
4 5263 5262 5262 5261 
2 5260 5259 
3 5259 5256 5253 
4 5251 5251 5251 5250 
2 5249 5248 
3 5248 5247 5247 
4 5244 5243 5242 5240 
2 5232 5232 
3 5232 5231 5227 
4 5225 5224 5224 5224 
2 5223 5214 
3 5212 5210 5209 
4 5207 5207 5205 5205 
2 5204 5201 
3 5201 5198 5186 
4 5183 5182 5181 5181 
2 5180 5178 
3 5175 5170 5169 
4 5169 5165 5161 5160 
2 5160 5160 
3 5157 5154 5153 
4 5149 5145 5144 5143 
2 5141 5141 
3 5140 5138 5138 
4 5136 5136 5135 5132 
2 5131 5131 
3 5127 5126 5125 
4 5125 5124 5124 5122 
2 5122 5114 
3 5114 5113 5109 
4 5104 5104 5103 5102 
2 5101 5099 
3 5097 5088 5087 
4 5086 5085 5082 5080 
2 5079 5079 
3 5079 5078 5077 
4 5077 5075 5075 5072 
2 5070 5070 
3 5068 5068 5064 
4 5063 5061 5059 5056 
2 5051 5049 
3 5049 5046 5046 
4 5045 5045 5045 5044 
2 5041 5040 
3 5038 5037 5037 
4 5037 5036 5035 5034 
2 5031 5031 
3 5031 5027 5027 
4 5025 5024 5022 5021 
2 5019 5019 
3 5019 5018 5017 
4 5016 5015 5013 5013 
2 5012 5011 
3 5008 5006 5004 
4 5004 5001 4999 4998 
2 4996 4995 
3 4993 4992 4991 
4 4989 4987 4986 4984 
2 4979 4977 
3 4977 4977 4976 
4 4976 4974 4968 4968 
2 4967 4966 
3 4966 4965 4965 
4 4963 4960 4960 4959 
2 4958 4954 
3 4952 4949 4948 
4 4946 4945 4945 4945 
2 4943 4942 
3 4942 4940 4939 
4 4939 4936 4935 4933 
2 4932 4931 
3 4928 4928 4921 
4 4919 4919 4916 4913 
2 4913 4910 
3 4901 4897 4894 
4 4893 4892 4892 4892 
2 4885 4883 
3 4879 4878 4876 
4 4876 4874 4874 4872 
2 4872 4871 
3 4871 4869 4867 
4 4867 4866 4865 4859 
2 4858 4857 
3 4856 4856 4854 
4 4853 4851 4848 4847 
2 4847 4846 
3 4845 4844 4840 
4 4835 4835 4835 4835 
2 4834 4834 
3 4834 4834 4832 
4 4830 4830 4829 4828 
2 4824 4822 
3 4820 4819 4819 
4 4818 4818 4818 4818 
2 4817 4816 
3 4814 4814 4813 
4 4810 4809 4808 4807 
2 4807 4802 
3 4799 4796 4794 
4 4793 4792 4789 4788 
2 4787 4784 
3 4782 4781 4781 
4 4780 4779 4775 4775 
2 4773 4772 
3 4772 4769 4767 
4 4766 4764 4763 4763 
2 4762 4758 
3 4758 4758 4756 
4 4754 4754 4750 4748 
2 4747 4745 
3 4745 4745 4744 
4 4740 4739 4738 4737 
2 4734 4732 
3 4731 4727 4723 
4 4723 4720 4719 4718 
2 4718 4714 
3 4712 4711 4709 
4 4707 4706 4704 4702 
2 4700 4698 
3 4694 4691 4690 
4 4689 4687 4686 4686 
2 4686 4684 
3 4683 4678 4677 
4 4676 4671 4671 4670 
2 4665 4662 
3 4661 4654 4654 
4 4652 4652 4651 4648 
2 4646 4642 
3 4642 4640 4638 
4 4638 4636 4636 4634 
2 4633 4631 
3 4631 4631 4630 
4 4629 4628 4627 4625 
2 4623 4620 
3 4617 4616 4611 
4 4609 4604 4601 4601 
2 4600 4599 
3 4598 4597 4592 
4 4587 4586 4586 4583 
2 4578 4577 
3 4572 4570 4568 
4 4567 4567 4565 4563 
2 4563 4563 
3 4560 4559 4558 
4 4556 4554 4553 4552 
2 4550 4550 
3 4550 4548 4548 
4 4548 4547 4546 4546 
2 4545 4544 
3 4544 4543 4543 
4 4542 4540 4540 4535 
2 4535 4534 
3 4531 4531 4530 
4 4530 4529 4528 4526 
2 4526 4523 
3 4522 4521 4518 
4 4515 4515 4512 4510 
2 4505 4504 
3 4503 4502 4498 
4 4498 4497 4495 4494 
2 4493 4493 
3 4491 4489 4485 
4 4482 4481 4478 4477 
2 4476 4476 
3 4475 4466 4466 
4 4466 4464 4463 4461 
2 4459 4458 
3 4458 4457 4454 
4 4453 4451 4450 4448 
2 4447 4442 
3 4438 4437 4437 
4 4436 4436 4433 4429 
2 4429 4428 
3 4423 4418 4418 
4 4417 4417 4417 4411 
2 4409 4408 
3 4406 4403 4402 
4 4401 4401 4398 4396 
2 4396 4393 
3 4393 4393 4391 
4 4389 4388 4388 4384 
2 4381 4381 
3 4381 4379 4377 
4 4374 4369 4369 4366 
2 4363 4362 
3 4354 4352 4351 
4 4347 4347 4345 4345 
2 4343 4343 
3 4341 4339 4338 
4 4336 4332 4331 4330 
2 4329 4327 
3 4326 4326 4323 
4 4322 4320 4320 4316 
2 4315 4315 
3 4315 4309 4306 
4 4305 4301 4298 4298 
2 4297 4296 
3 4292 4290 4289 
4 4288 4288 4286 4285 
2 4284 4283 
3 4280 4280 4279 
4 4278 4278 4276 4276 
2 4276 4275 
3 4275 4275 4274 
4 4274 4273 4273 4272 
2 4271 4270 
3 4270 4269 4269 
4 4265 4262 4257 4257 
2 4252 4251 
3 4251 4250 4250 
4 4250 4244 4244 4238 
2 4236 4236 
3 4234 4232 4230 
4 4230 4229 4227 4223 
2 4222 4221 
3 4220 4220 4218 
4 4215 4215 4214 4213 
2 4211 4210 
3 4209 4206 4204 
4 4203 4203 4199 4199 
2 4198 4197 
3 4197 4196 4193 
4 4190 4190 4187 4186 
2 4185 4183 
3 4182 4179 4178 
4 4176 4174 4171 4171 
2 4170 4165 
3 4164 4164 4162 
4 4161 4161 4159 4159 
2 4158 4158 
3 4157 4156 4155 
4 4155 4153 4152 4151 
2 4147 4146 
3 4146 4144 4141 
4 4141 4138 4137 4137 
2 4135 4134 
3 4134 4133 4133 
4 4132 4132 4131 4129 
2 4126 4125 
3 4125 4125 4124 
4 4123 4123 4122 4122 
2 4114 4114 
3 4113 4112 4111 
4 4109 4108 4107 4103 
2 4103 4099 
3 4099 4098 4098 
4 4095 4094 4092 4091 
2 4091 4091 
3 4089 4088 4087 
4 4086 4085 4085 4084 
2 4083 4083 
3 4081 4077 4076 
4 4075 4074 4072 4071 
2 4069 4068 
3 4068 4066 4062 
4 4058 4055 4052 4051 
2 4051 4048 
3 4046 4045 4043 
4 4039 4037 4036 4035 
2 4033 4032 
3 4030 4029 4026 
4 4024 4023 4023 4022 
2 4020 4018 
3 4016 4016 4015 
4 4015 4015 4012 4012 
2 4010 4009 
3 4007 4007 4006 
4 4005 4001 3996 3995 
2 3994 3993 
3 3992 3982 3982 
4 3981 3981 3978 3978 
2 3978 3976 
3 3971 3970 3970 
4 3967 3963 3963 3962 
2 3960 3958 
3 3957 3956 3955 
4 3954 3952 3950 3948 
2 3947 3943 
3 3943 3943 3942 
4 3941 3940 3939 3937 
2 3937 3934 
3 3933 3933 3932 
4 3931 3930 3927 3927 
2 3925 3924 
3 3923 3922 3922 
4 3922 3921 3919 3914 
2 3914 3913 
3 3911 3908 3907 
4 3906 3902 3901 3900 
2 3897 3896 
3 3896 3895 3891 
4 3890 3889 3888 3888 
2 3886 3886 
3 3885 3880 3880 
4 3879 3878 3876 3876 
2 3875 3874 
3 3872 3871 3870 
4 3870 3869 3869 3869 
2 3867 3866 
3 3866 3865 3863 
4 3863 3862 3858 3857 
2 3856 3856 
3 3856 3851 3849 
4 3846 3845 3844 3843 
2 3843 3840 
3 3839 3838 3836 
4 3836 3834 3834 3833 
2 3832 3832 
3 3829 3828 3822 
4 3820 3818 3814 3814 
2 3813 3807 
3 3807 3807 3806 
4 3805 3805 3805 3805 
2 3804 3804 
3 3803 3803 3801 
4 3800 3800 3799 3798 
2 3794 3793 
3 3793 3792 3789 
4 3786 3779 3777 3777 
2 3776 3775 
3 3774 3769 3767 
4 3766 3764 3764 3762 
2 3760 3757 
3 3752 3752 3748 
4 3744 3738 3738 3735 
2 3734 3734 
3 3732 3732 3730 
4 3724 3723 3723 3720 
2 3717 3716 
3 3715 3715 3715 
4 3714 3713 3709 3705 
2 3701 3701 
3 3700 3698 3698 
4 3692 3690 3689 3686 
2 3685 3684 
3 3684 3684 3683 
4 3680 3680 3678 3677 
2 3675 3675 
3 3673 3672 3671 
4 3667 3666 3666 3665 
2 3664 3663 
3 3663 3659 3658 
4 3657 3656 3656 3655 
2 3654 3653 
3 3651 3650 3648 
4 3646 3645 3644 3643 
2 3642 3641 
3 3636 3636 3634 
4 3634 3633 3633 3632 
2 3631 3630 
3 3630 3629 3627 
4 3626 3624 3623 3623 
2 3621 3618 
3 3618 3616 3616 
4 3615 3615 3615 3615 
2 3614 3612 
3 3611 3611 3610 
4 3609 3607 3607 3606 
2 3606 3605 
3 3605 3598 3598 
4 3597 3597 3593 3592 
2 3591 3591 
3 3591 3588 3581 
4 3580 3578 3576 3572 
2 3571 3571 
3 3571 3570 3563 
4 3560 3560 3558 3556 
2 3555 3551 
3 3550 3549 3546 
4 3545 3543 3541 3541 
2 3541 3540 
3 3539 3538 3535 
4 3533 3531 3528 3525 
2 3524 3524 
3 3522 3520 3518 
4 3517 3517 3517 3515 
2 3513 3512 
3 3510 3510 3507 
4 3507 3503 3496 3495 
2 3494 3494 
3 3494 3492 3487 
4 3487 3487 3487 3486 
2 3485 3484 
3 3481 3476 3470 
4 3470 3470 3469 3469 
2 3468 3465 
3 3463 3462 3460 
4 3458 3457 3457 3455 
2 3453 3452 
3 3449 3445 3443 
4 3442 3438 3437 3436 
2 3429 3429 
3 3429 3428 3426 
4 3426 3425 3424 3423 
2 3423 3420 
3 3418 3418 3418 
4 3417 3414 3414 3413 
2 3412 3411 
3 3410 3408 3407 
4 3406 3405 3405 3403 
2 3403 3402 
3 3401 3401 3401 
4 3401 3395 3387 3386 
2 3384 3384 
3 3383 3378 3375 
4 3375 3371 3371 3369 
2 3369 3368 
3 3367 3367 3366 
4 3363 3363 3363 3363 
2 3360 3359 
3 3356 3356 3356 
4 3355 3354 3354 3353 
2 3353 3352 
3 3351 3349 3349 
4 3348 3347 3347 3343 
2 3343 3341 
3 3341 3340 3338 
4 3335 3334 3334 3332 
2 3332 3332 
3 3331 3330 3325 
4 3324 3323 3320 3316 
2 3315 3311 
3 3309 3308 3307 
4 3306 3304 3304 3301 
2 3300 3298 
3 3298 3298 3297 
4 3295 3294 3294 3292 
2 3292 3290 
3 3288 3287 3284 
4 3283 3282 3282 3281 
2 3281 3281 
3 3280 3279 3279 
4 3275 3275 3274 3274 
2 3273 3270 
3 3270 3266 3266 
4 3265 3264 3263 3262 
2 3261 3259 
3 3259 3258 3258 
4 3258 3257 3257 3256 
2 3254 3253 
3 3253 3252 3250 
4 3249 3249 3248 3248 
2 3247 3245 
3 3245 3245 3243 
4 3241 3240 3239 3237 
2 3236 3232 
3 3232 3229 3228 
4 3228 3228 3226 3223 
2 3223 3219 
3 3219 3218 3217 
4 3212 3209 3207 3207 
2 3204 3203 
3 3203 3203 3201 
4 3200 3200 3199 3196 
2 3196 3195 
3 3194 3194 3194 
4 3193 3191 3190 3188 
2 3187 3186 
3 3186 3185 3185 
4 3184 3182 3182 3181 
2 3180 3179 
3 3179 3179 3177 
4 3175 3175 3171 3171 
2 3170 3170 
3 3170 3167 3164 
4 3163 3163 3163 3160 
2 3156 3154 
3 3153 3152 3150 
4 3150 3149 3148 3144 
2 3143 3142 
3 3142 3140 3139 
4 3139 3138 3138 3136 
2 3136 3135 
3 3135 3129 3127 
4 3126 3125 3124 3123 
2 3123 3122 
3 3121 3121 3119 
4 3119 3118 3115 3115 
2 3115 3115 
3 3114 3113 3111 
4 3109 3108 3106 3106 
2 3103 3101 
3 3100 3100 3099 
4 3098 3097 3097 3097 
2 3096 3089 
3 3088 3086 3085 
4 3083 3083 3083 3082 
2 3082 3078 
3 3075 3075 3075 
4 3068 3067 3067 3067 
2 3066 3066 
3 3066 3065 3064 
4 3064 3063 3062 3059 
2 3059 3056 
3 3055 3053 3051 
4 3051 3048 3047 3044 
2 3043 3042 
3 3041 3041 3040 
4 3036 3033 3032 3032 
2 3030 3029 
3 3025 3022 3021 
4 3020 3019 3019 3016 
2 3015 3015 
3 3015 3011 3011 
4 3011 3010 3008 3007 
2 3007 3005 
3 3003 3000 2999 
4 2998 2998 2996 2993 
2 2992 2991 
3 2991 2988 2988 
4 2987 2986 2984 2983 
2 2980 2979 
3 2978 2974 2972 
4 2972 2970 2969 2969 
2 2968 2966 
3 2965 2964 2964 
4 2963 2962 2961 2959 
2 2959 2959 
3 2956 2956 2956 
4 2955 2954 2954 2953 
2 2951 2950 
3 2948 2948 2946 
4 2944 2940 2939 2939 
2 2938 2936 
3 2936 2933 2932 
4 2929 2928 2927 2927 
2 2924 2924 
3 2922 2921 2919 
4 2918 2914 2914 2914 
2 2911 2909 
3 2909 2909 2908 
4 2907 2902 2899 2899 
2 2899 2898 
3 2895 2893 2892 
4 2890 2890 2889 2887 
2 2887 2887 
3 2885 2884 2882 
4 2880 2879 2878 2877 
2 2874 2873 
3 2872 2872 2872 
4 2870 2870 2864 2860 
2 2860 2860 
3 2858 2856 2856 
4 2852 2852 2849 2846 
2 2846 2845 
3 2843 2843 2842 
4 2841 2841 2840 2840 
2 2839 2837 
3 2837 2836 2836 
4 2835 2835 2834 2834 
2 2834 2833 
3 2833 2833 2830 
4 2829 2829 2829 2827 
2 2826 2823 
3 2823 2819 2818 
4 2817 2817 2817 2817 
2 2816 2816 
3 2814 2813 2812 
4 2811 2808 2807 2800 
2 2797 2797 
3 2792 2792 2790 
4 2790 2790 2789 2789 
2 2789 2788 
3 2788 2786 2786 
4 2786 2785 2782 2782 
2 2782 2782 
3 2781 2777 2774 
4 2772 2771 2771 2769 
2 2768 2767 
3 2767 2766 2765 
4 2764 2764 2762 2760 
2 2759 2758 
3 2757 2754 2753 
4 2749 2748 2748 2747 
2 2747 2743 
3 2743 2743 2740 
4 2737 2737 2734 2734 
2 2732 2730 
3 2730 2729 2728 
4 2727 2726 2725 2722 
2 2718 2718 
3 2718 2717 2716 
4 2715 2715 2713 2710 
2 2710 2710 
3 2709 2705 2705 
4 2704 2702 2701 2701 
2 2700 2699 
3 2699 2698 2696 
4 2696 2695 2695 2694 
2 2693 2693 
3 2692 2689 2689 
4 2685 2684 2684 2683 
2 2683 2682 
3 2682 2682 2681 
4 2680 2678 2678 2677 
2 2674 2673 
3 2673 2669 2669 
4 2668 2668 2668 2668 
2 2663 2663 
3 2662 2661 2660 
4 2659 2655 2654 2654 
2 2652 2652 
3 2652 2649 2648 
4 2647 2645 2644 2643 
2 2642 2642 
3 2641 2639 2639 
4 2636 2635 2635 2634 
2 2634 2633 
3 2630 2628 2624 
4 2623 2623 2618 2618 
2 2618 2617 
3 2614 2614 2613 
4 2609 2609 2608 2605 
2 2599 2598 
3 2595 2594 2594 
4 2594 2592 2591 2590 
2 2589 2589 
3 2587 2586 2585 
4 2583 2582 2579 2579 
2 2578 2577 
3 2573 2572 2571 
4 2571 2566 2565 2563 
2 2562 2560 
3 2560 2560 2559 
4 2558 2557 2554 2554 
2 2553 2553 
3 2551 2550 2549 
4 2549 2548 2544 2544 
2 2542 2541 
3 2539 2538 2538 
4 2535 2534 2533 2533 
2 2532 2531 
3 2527 2523 2520 
4 2518 2518 2510 2508 
2 2505 2503 
3 2502 2502 2502 
4 2501 2501 2500 2499 
2 2498 2497 
3 2495 2495 2494 
4 2493 2491 2490 2490 
2 2490 2488 
3 2486 2485 2484 
4 2483 2480 2475 2472 
2 2472 2471 
3 2471 2471 2470 
4 2470 2468 2468 2467 
2 2467 2465 
3 2465 2463 2462 
4 2462 2460 2460 2458 
2 2457 2457 
3 2455 2455 2454 
4 2451 2450 2449 2447 
2 2446 2444 
3 2444 2444 2443 
4 2440 2436 2432 2430 
2 2428 2425 
3 2424 2421 2420 
4 2420 2419 2415 2413 
2 2412 2412 
3 2411 2410 2409 
4 2409 2406 2405 2402 
2 2400 2399 
3 2397 2396 2396 
4 2396 2396 2392 2391 
2 2391 2388 
3 2386 2385 2384 
4 2384 2382 2380 2378 
2 2377 2373 
3 2373 2373 2372 
4 2372 2371 2369 2368 
2 2368 2367 
3 2367 2365 2363 
4 2360 2358 2356 2356 
2 2355 2354 
3 2353 2353 2351 
4 2350 2348 2346 2343 
2 2340 2339 
3 2339 2339 2338 
4 2337 2337 2337 2335 
2 2334 2334 
3 2332 2330 2329 
4 2329 2329 2329 2328 
2 2327 2327 
3 2326 2326 2325 
4 2325 2324 2323 2322 
2 2319 2318 
3 2318 2317 2317 
4 2315 2313 2312 2312 
2 2306 2306 
3 2302 2301 2301 
4 2300 2300 2297 2295 
2 2295 2290 
3 2290 2289 2288 
4 2288 2287 2285 2283 
2 2283 2282 
3 2281 2281 2277 
4 2276 2275 2272 2269 
2 2267 2266 
3 2264 2263 2261 
4 2260 2259 2258 2255 
2 2254 2253 
3 2252 2252 2251 
4 2250 2247 2247 2246 
2 2246 2243 
3 2242 2240 2239 
4 2238 2238 2238 2232 
2 2228 2226 
3 2226 2222 2219 
4 2218 2215 2215 2215 
2 2213 2213 
3 2211 2208 2207 
4 2207 2206 2206 2206 
2 2205 2202 
3 2202 2201 2200 
4 2200 2200 2198 2196 
2 2196 2195 
3 2193 2192 2192 
4 2192 2189 2189 2188 
2 2188 2187 
3 2187 2186 2186 
4 2186 2185 2185 2183 
2 2182 2182 
3 2182 2181 2181 
4 2180 2180 2179 2178 
2 2178 2177 
3 2176 2174 2172 
4 2172 2172 2171 2169 
2 2169 2168 
3 2167 2166 2165 
4 2164 2163 2163 2163 
2 2159 2155 
3 2154 2154 2152 
4 2150 2148 2148 2147 
2 2145 2144 
3 2143 2143 2142 
4 2140 2140 2139 2137 
2 2137 2136 
3 2135 2132 2132 
4 2130 2128 2125 2125 
2 2124 2123 
3 2121 2120 2117 
4 2116 2115 2115 2113 
2 2112 2112 
3 2109 2107 2106 
4 2105 2104 2103 2103 
2 2103 2102 
3 2100 2099 2095 
4 2094 2093 2093 2092 
2 2092 2091 
3 2091 2091 2087 
4 2086 2084 2080 2075 
2 2073 2073 
3 2072 2072 2071 
4 2068 2067 2067 2066 
2 2064 2064 
3 2062 2062 2059 
4 2059 2058 2057 2056 
2 2055 2055 
3 2054 2052 2049 
4 2049 2048 2048 2048 
2 2046 2045 
3 2044 2043 2043 
4 2042 2041 2041 2040 
2 2039 2039 
3 2038 2037 2036 
4 2031 2030 2030 2029 
2 2029 2028 
3 2025 2022 2022 
4 2021 2019 2017 2017 
2 2017 2016 
3 2016 2016 2014 
4 2014 2013 2013 2012 
2 2012 2011 
3 2009 2006 2002 
4 2002 2000 1999 1998 
2 1997 1995 
3 1994 1994 1992 
4 1991 1990 1990 1990 
2 1989 1986 
3 1986 1983 1980 
4 1980 1979 1975 1972 
2 1970 1969 
3 1969 1966 1966 
4 1965 1964 1962 1961 
2 1961 1960 
3 1959 1959 1959 
4 1957 1956 1954 1954 
2 1952 1949 
3 1947 1946 1943 
4 1942 1940 1940 1937 
2 1936 1935 
3 1935 1935 1931 
4 1928 1924 1922 1922 
2 1921 1916 
3 1914 1913 1912 
4 1912 1911 1910 1906 
2 1906 1905 
3 1905 1904 1903 
4 1902 1901 1901 1898 
2 1898 1898 
3 1897 1897 1896 
4 1895 1892 1892 1889 
2 1887 1887 
3 1886 1885 1884 
4 1884 1883 1882 1880 
2 1879 1877 
3 1877 1875 1874 
4 1873 1873 1873 1870 
2 1868 1868 
3 1867 1867 1867 
4 1867 1863 1863 1862 
2 1862 1859 
3 1858 1856 1856 
4 1855 1852 1852 1852 
2 1852 1851 
3 1849 1847 1846 
4 1845 1844 1843 1841 
2 1839 1838 
3 1837 1836 1835 
4 1834 1834 1833 1829 
2 1829 1828 
3 1828 1828 1827 
4 1826 1826 1824 1821 
2 1819 1818 
3 1817 1816 1816 
4 1816 1814 1814 1814 
2 1812 1810 
3 1804 1803 1803 
4 1802 1801 1798 1797 
2 1796 1795 
3 1795 1795 1794 
4 1794 1792 1791 1790 
2 1787 1785 
3 1785 1781 1781 
4 1781 1778 1777 1774 
2 1770 1768 
3 1768 1768 1766 
4 1765 1763 1763 1762 
2 1761 1761 
3 1760 1760 1757 
4 1756 1754 1754 1752 
2 1751 1750 
3 1750 1748 1748 
4 1745 1743 1741 1741 
2 1740 1740 
3 1739 1738 1738 
4 1736 1735 1735 1733 
2 1730 1730 
3 1729 1726 1726 
4 1724 1723 1721 1720 
2 1720 1718 
3 1717 1716 1715 
4 1714 1712 1709 1709 
2 1707 1705 
3 1705 1705 1703 
4 1702 1701 1699 1699 
2 1695 1694 
3 1694 1691 1690 
4 1690 1686 1684 1683 
2 1683 1680 
3 1680 1677 1676 
4 1674 1674 1674 1673 
2 1673 1672 
3 1672 1667 1666 
4 1666 1665 1664 1664 
2 1662 1662 
3 1661 1660 1659 
4 1658 1658 1657 1656 
2 1655 1654 
3 1653 1651 1648 
4 1648 1647 1643 1643 
2 1643 1643 
3 1641 1639 1639 
4 1639 1639 1638 1637 
2 1636 1633 
3 1631 1630 1627 
4 1627 1624 1624 1623 
2 1621 1621 
3 1620 1620 1617 
4 1617 1615 1615 1614 
2 1614 1613 
3 1612 1611 1609 
4 1608 1607 1604 1604 
2 1597 1597 
3 1596 1594 1594 
4 1593 1593 1591 1591 
2 1591 1590 
3 1588 1587 1583 
4 1582 1580 1578 1577 
2 1576 1575 
3 1575 1571 1570 
4 1570 1567 1565 1565 
2 1565 1564 
3 1562 1561 1561 
4 1561 1559 1558 1557 
2 1557 1557 
3 1556 1555 1554 
4 1549 1549 1548 1544 
2 1542 1541 
3 1541 1540 1539 
4 1539 1538 1538 1537 
2 1534 1534 
3 1534 1531 1530 
4 1530 1529 1529 1527 
2 1526 1524 
3 1524 1524 1523 
4 1522 1519 1519 1519 
2 1519 1518 
3 1518 1516 1514 
4 1513 1512 1512 1510 
2 1507 1507 
3 1506 1505 1503 
4 1502 1502 1501 1499 
2 1499 1499 
3 1498 1496 1495 
4 1494 1490 1490 1488 
2 1487 1487 
3 1486 1486 1484 
4 1483 1482 1482 1481 
2 1480 1478 
3 1477 1477 1475 
4 1475 1471 1470 1469 
2 1469 1467 
3 1464 1464 1458 
4 1457 1456 1454 1454 
2 1453 1451 
3 1450 1449 1449 
4 1447 1446 1446 1446 
2 1445 1445 
3 1444 1441 1441 
4 1440 1439 1439 1439 
2 1438 1436 
3 1435 1435 1435 
4 1434 1434 1433 1432 
2 1430 1430 
3 1429 1429 1428 
4 1424 1424 1422 1420 
2 1419 1418 
3 1417 1415 1414 
4 1411 1410 1410 1406 
2 1404 1400 
3 1400 1399 1398 
4 1397 1395 1393 1392 
2 1391 1391 
3 1389 1389 1384 
4 1383 1381 1380 1379 
2 1378 1376 
3 1375 1375 1373 
4 1372 1372 1372 1372 
2 1371 1371 
3 1369 1369 1367 
4 1367 1364 1363 1362 
2 1360 1360 
3 1359 1359 1355 
4 1355 1355 1354 1353 
2 1352 1351 
3 1351 1350 1348 
4 1348 1347 1346 1346 
2 1345 1344 
3 1342 1342 1341 
4 1341 1339 1339 1339 
2 1338 1337 
3 1337 1336 1335 
4 1335 1334 1334 1332 
2 1332 1331 
3 1331 1328 1327 
4 1327 1325 1323 1322 
2 1318 1318 
3 1318 1317 1315 
4 1315 1312 1311 1309 
2 1308 1307 
3 1307 1306 1302 
4 1300 1296 1296 1293 
2 1292 1288 
3 1287 1285 1285 
4 1284 1282 1281 1280 
2 1279 1279 
3 1277 1277 1275 
4 1273 1273 1270 1270 
2 1269 1269 
3 1263 1260 1259 
4 1259 1257 1255 1254 
2 1251 1249 
3 1249 1248 1248 
4 1245 1245 1243 1242 
2 1241 1240 
3 1240 1238 1237 
4 1233 1232 1232 1232 
2 1231 1230 
3 1230 1229 1229 
4 1227 1226 1225 1225 
2 1224 1224 
3 1223 1220 1219 
4 1218 1218 1218 1217 
2 1214 1213 
3 1212 1211 1210 
4 1209 1208 1206 1205 
2 1201 1200 
3 1197 1195 1191 
4 1190 1189 1188 1187 
2 1182 1182 
3 1182 1180 1179 
4 1177 1177 1176 1175 
2 1174 1174 
3 1173 1171 1164 
4 1164 1163 1162 1160 
2 1160 1160 
3 1156 1155 1154 
4 1150 1150 1149 1147 
2 1145 1143 
3 1142 1141 1141 
4 1139 1138 1138 1138 
2 1136 1135 
3 1134 1132 1132 
4 1132 1130 1129 1129 
2 1126 1126 
3 1126 1126 1124 
4 1122 1121 1121 1119 
2 1119 1119 
3 1117 1117 1117 
4 1112 1106 1106 1106 
2 1104 1104 
3 1103 1100 1100 
4 1099 1099 1098 1098 
2 1097 1097 
3 1097 1096 1094 
4 1094 1093 1092 1091 
2 1089 1086 
3 1085 1083 1079 
4 1079 1078 1078 1077 
2 1075 1074 
3 1073 1073 1071 
4 1069 1066 1061 1060 
2 1060 1059 
3 1058 1058 1056 
4 1056 1056 1055 1055 
2 1054 1051 
3 1050 1050 1048 
4 1047 1047 1045 1044 
2 1043 1043 
3 1043 1042 1041 
4 1041 1041 1036 1035 
2 1035 1035 
3 1035 1034 1032 
4 1032 1031 1031 1031 
2 1031 1031 
3 1028 1027 1027 
4 1026 1025 1024 1024 
2 1022 1021 
3 1021 1019 1018 
4 1017 1016 1016 1015 
2 1014 1014 
3 1010 1010 1010 
4 1010 1009 1009 1009 
2 1009 1008 
3 1007 1006 1006 
4 1005 1003 999 996 
2 995 995 
3 990 989 987 
4 987 986 984 983 
2 982 980 
3 980 980 976 
4 976 969 968 967 
2 964 962 
3 962 962 961 
4 958 957 956 956 
2 956 954 
3 953 953 951 
4 951 951 951 951 
2 949 947 
3 946 946 945 
4 944 944 942 941 
2 939 939 
3 939 938 937 
4 937 937 937 936 
2 936 935 
3 935 934 930 
4 929 928 927 926 
2 924 922 
3 922 921 920 
4 920 920 920 920 
2 918 918 
3 917 916 916 
4 916 915 913 913 
2 912 911 
3 911 910 909 
4 909 908 902 901 
2 900 899 
3 899 898 898 
4 897 897 897 895 
2 891 890 
3 889 887 887 
4 886 885 884 884 
2 883 882 
3 879 877 877 
4 876 874 874 869 
2 866 862 
3 862 861 858 
4 857 856 854 853 
2 852 852 
3 850 850 849 
4 848 844 844 844 
2 843 842 
3 840 840 838 
4 838 836 836 836 
2 836 832 
3 831 831 830 
4 829 829 829 824 
2 823 822 
3 822 821 819 
4 818 818 817 816 
2 816 815 
3 815 814 814 
4 813 812 812 810 
2 809 808 
3 807 807 806 
4 804 803 803 800 
2 800 799 
3 795 795 795 
4 793 791 790 790 
2 789 788 
3 788 786 784 
4 784 783 782 782 
2 780 778 
3 776 775 767 
4 767 764 764 762 
2 762 759 
3 752 752 750 
4 750 749 749 746 
2 745 745 
3 743 739 738 
4 736 736 735 733 
2 733 732 
3 732 732 731 
4 728 727 725 724 
2 723 722 
3 722 720 720 
4 717 717 716 715 
2 714 713 
3 712 712 711 
4 711 710 710 709 
2 707 706 
3 706 701 701 
4 700 700 700 697 
2 695 694 
3 693 693 693 
4 691 691 686 685 
2 685 683 
3 680 680 675 
4 673 671 669 669 
2 667 666 
3 666 662 661 
4 660 656 656 655 
2 654 653 
3 652 650 649 
4 649 646 646 644 
2 642 638 
3 636 635 634 
4 631 630 630 629 
2 627 626 
3 626 625 623 
4 623 622 622 622 
2 621 621 
3 619 619 619 
4 618 613 612 612 
2 612 610 
3 610 610 610 
4 609 609 609 609 
2 608 608 
3 607 606 606 
4 604 604 603 603 
2 603 601 
3 600 599 599 
4 599 595 595 592 
2 592 591 
3 590 589 589 
4 588 586 584 584 
2 584 575 
3 575 573 568 
4 567 565 559 558 
2 553 552 
3 551 550 546 
4 545 543 542 541 
2 540 539 
3 537 537 537 
4 536 536 535 530 
2 530 530 
3 530 529 529 
4 528 528 527 526 
2 526 524 
3 524 523 523 
4 522 519 517 517 
2 517 517 
3 517 516 514 
4 514 513 513 512 
2 512 511 
3 511 511 511 
4 510 510 509 508 
2 507 507 
3 506 505 504 
4 504 503 503 503 
2 503 502 
3 502 501 501 
4 501 501 500 500 
2 499 499 
3 498 498 498 
4 497 497 495 494 
2 494 494 
3 493 491 489 
4 489 487 487 487 
2 486 486 
3 486 485 485 
4 484 484 483 483 
2 478 477 
3 472 472 464 
4 463 461 456 454 
2 452 450 
3 444 443 443 
4 439 438 438 437 
2 436 435 
3 433 432 430 
4 430 429 429 425 
2 425 424 
3 423 422 422 
4 422 420 418 418 
2 418 418 
3 416 414 414 
4 414 414 413 413 
2 413 412 
3 412 412 412 
4 412 411 411 411 
2 411 411 
3 409 409 407 
4 407 407 405 405 
2 405 405 
3 404 403 402 
4 402 402 401 401 
2 398 397 
3 397 395 393 
4 391 391 391 391 
2 391 390 
3 390 386 386 
4 384 384 384 384 
2 379 374 
3 374 358 352 
4 350 336 335 333 
2 332 329 
3 326 325 323 
4 323 320 318 318 
2 318 317 
3 317 317 317 
4 316 316 316 316 
2 316 315 
3 315 315 314 
4 313 313 312 311 
2 311 311 
3 311 310 310 
4 310 309 309 308 
2 308 308 
3 307 307 307 
4 306 306 305 305 
2 304 304 
3 303 303 303 
4 302 302 301 301 
2 300 299 
3 298 297 297 
4 297 296 296 295 
2 294 294 
3 293 291 290 
4 290 290 290 290 
2 288 286 
3 285 283 283 
4 282 282 281 279 
2 279 278 
3 278 276 269 
4 253 243 241 240 
2 233 229 
3 226 226 225 
4 225 224 224 223 
2 223 222 
3 222 222 221 
4 221 221 218 217 
2 217 216 
3 216 216 216 
4 215 215 214 214 
2 214 214 
3 214 214 210 
4 210 210 210 209 
2 209 209 
3 209 208 208 
4 208 207 206 206 
2 206 206 
3 205 205 205 
4 204 204 204 203 
2 203 202 
3 202 202 201 
4 201 200 200 200 
2 199 199 
3 199 199 198 
4 198 198 198 198 
2 198 197 
3 196 196 195 
4 195 194 194 193 
2 192 192 
3 192 192 192 
4 192 192 190 190 
2 190 189 
3 188 188 187 
4 186 186 186 186 
2 185 184 
3 184 184 184 
4 183 183 182 182 
2 177 177 
3 174 174 174 
4 172 166 132 125 
2 122 121 
3 121 119 119 
4 118 118 117 116 
2 116 116 
3 116 116 116 
4 115 115 115 115 
2 114 114 
3 114 114 114 
4 114 114 113 112 
2 111 111 
3 110 110 109 
4 109 109 109 109 
2 109 109 
3 109 109 108 
4 107 107 107 106 
2 106 106 
3 106 106 105 
4 105 105 104 104 
2 104 104 
3 103 103 103 
4 103 103 103 102 
2 102 102 
3 102 101 101 
4 100 100 99 99 
2 99 99 
3 99 98 98 
4 98 98 98 97 
2 97 97 
3 97 97 96 
4 95 95 95 94 
2 94 94 
3 94 94 93 
4 93 93 92 92 
2 92 92 
3 91 91 89 
4 88 88 88 87 
2 87 86 
3 86 86 85 
4 83 83 83 82 
